2026-03-17 09:10:09 [INFO] __main__: Device: cuda
2026-03-17 09:10:09 [INFO] __main__: Loading policy model from leachl/forklift-arm-ir-ir_v2
2026-03-17 09:10:23 [INFO] __main__: Loading reference model from leachl/forklift-arm-ir-ir_v2
2026-03-17 09:10:24 [INFO] __main__: Policy parameters: 197059584 (197.1M trainable)
2026-03-17 09:10:24 [INFO] __main__: DPODataset: loaded 5000 samples from dpo_pairs/
2026-03-17 09:10:24 [INFO] __main__: TensorBoard logging to runs/dpo
2026-03-17 09:10:24 [INFO] __main__: Starting DPO training: max_steps=900  eff_batch=16  lr=5.00e-07  β=0.10
2026-03-17 09:10:24 [INFO] __main__: Starting epoch 1 at step 0
2026-03-17 09:10:38 [INFO] __main__: step=25  loss=2.1645  margin=0.0249  rew_c=0.020  rew_r=-0.005  lr=1.39e-07  s/s=1.86
2026-03-17 09:10:51 [INFO] __main__: step=50  loss=2.1549  margin=0.1795  rew_c=0.109  rew_r=-0.071  lr=2.78e-07  s/s=1.89
2026-03-17 09:11:04 [INFO] __main__: step=75  loss=2.1337  margin=0.5219  rew_c=0.246  rew_r=-0.275  lr=4.17e-07  s/s=1.88
2026-03-17 09:11:17 [INFO] __main__: step=100  loss=2.1015  margin=1.0466  rew_c=0.315  rew_r=-0.731  lr=5.00e-07  s/s=1.89
2026-03-17 09:11:30 [INFO] __main__: step=125  loss=2.0476  margin=1.9432  rew_c=0.328  rew_r=-1.615  lr=4.98e-07  s/s=1.89
2026-03-17 09:11:43 [INFO] __main__: step=150  loss=1.9980  margin=2.7842  rew_c=0.016  rew_r=-2.768  lr=4.93e-07  s/s=1.90
2026-03-17 09:11:43 [INFO] __main__: Running evaluation at step 150 …
2026-03-17 09:21:36 [INFO] __main__: EVAL step=150  reward_acc=99.5%  syntax_valid=0.0%
2026-03-17 09:21:43 [INFO] __main__: Saved checkpoint at step 150 → checkpoints/dpo/step_150
2026-03-17 09:21:43 [INFO] __main__: Pruned old checkpoint: checkpoints/dpo/step_150
2026-03-17 09:21:57 [INFO] __main__: step=175  loss=1.9331  margin=3.9162  rew_c=-0.107  rew_r=-4.023  lr=4.87e-07  s/s=0.25
2026-03-17 09:22:10 [INFO] __main__: step=200  loss=1.8628  margin=5.1876  rew_c=-0.317  rew_r=-5.504  lr=4.78e-07  s/s=0.28
2026-03-17 09:22:22 [INFO] __main__: step=225  loss=1.8038  margin=6.2879  rew_c=-0.363  rew_r=-6.651  lr=4.67e-07  s/s=0.31
2026-03-17 09:22:35 [INFO] __main__: step=250  loss=1.6912  margin=8.4579  rew_c=-0.707  rew_r=-9.165  lr=4.53e-07  s/s=0.34
2026-03-17 09:22:41 [INFO] __main__: Starting epoch 2 at step 261
2026-03-17 09:22:48 [INFO] __main__: step=275  loss=1.4769  margin=13.1890  rew_c=-1.906  rew_r=-15.094  lr=4.38e-07  s/s=0.37
2026-03-17 09:23:01 [INFO] __main__: step=300  loss=1.0973  margin=23.8279  rew_c=-8.841  rew_r=-32.669  lr=4.22e-07  s/s=0.40
2026-03-17 09:23:01 [INFO] __main__: Running evaluation at step 300 …
2026-03-17 09:32:57 [INFO] __main__: EVAL step=300  reward_acc=98.0%  syntax_valid=0.0%
2026-03-17 09:32:59 [INFO] __main__: Saved checkpoint at step 300 → checkpoints/dpo/step_300
2026-03-17 09:32:59 [INFO] __main__: Pruned old checkpoint: checkpoints/dpo/step_300
2026-03-17 09:33:12 [INFO] __main__: step=325  loss=0.7647  margin=36.1272  rew_c=-9.727  rew_r=-45.854  lr=4.03e-07  s/s=0.24
2026-03-17 09:33:24 [INFO] __main__: step=350  loss=0.5919  margin=44.9608  rew_c=-9.599  rew_r=-54.560  lr=3.83e-07  s/s=0.25
2026-03-17 09:33:37 [INFO] __main__: step=375  loss=0.5227  margin=49.3888  rew_c=-10.372  rew_r=-59.761  lr=3.62e-07  s/s=0.27
2026-03-17 09:33:50 [INFO] __main__: step=400  loss=0.4290  margin=55.6037  rew_c=-11.027  rew_r=-66.631  lr=3.40e-07  s/s=0.28
2026-03-17 09:34:03 [INFO] __main__: step=425  loss=0.3979  margin=57.8550  rew_c=-11.769  rew_r=-69.624  lr=3.17e-07  s/s=0.30
2026-03-17 09:34:16 [INFO] __main__: step=450  loss=0.3643  margin=61.4535  rew_c=-9.389  rew_r=-70.842  lr=2.93e-07  s/s=0.31
2026-03-17 09:34:16 [INFO] __main__: Running evaluation at step 450 …
2026-03-17 09:44:07 [INFO] __main__: EVAL step=450  reward_acc=99.5%  syntax_valid=0.0%
2026-03-17 09:44:09 [INFO] __main__: Saved checkpoint at step 450 → checkpoints/dpo/step_450
2026-03-17 09:44:09 [INFO] __main__: Pruned old checkpoint: checkpoints/dpo/step_450
2026-03-17 09:44:22 [INFO] __main__: step=475  loss=0.3894  margin=61.5913  rew_c=-12.821  rew_r=-74.413  lr=2.69e-07  s/s=0.23
2026-03-17 09:44:35 [INFO] __main__: step=500  loss=0.3374  margin=63.7303  rew_c=-11.640  rew_r=-75.370  lr=2.45e-07  s/s=0.24
2026-03-17 09:44:46 [INFO] __main__: Starting epoch 3 at step 521
2026-03-17 09:44:48 [INFO] __main__: step=525  loss=0.3508  margin=63.4601  rew_c=-13.262  rew_r=-76.722  lr=2.21e-07  s/s=0.25
2026-03-17 09:45:00 [INFO] __main__: step=550  loss=0.3080  margin=67.2597  rew_c=-10.562  rew_r=-77.822  lr=1.97e-07  s/s=0.26
2026-03-17 09:45:13 [INFO] __main__: step=575  loss=0.3102  margin=67.8493  rew_c=-12.278  rew_r=-80.127  lr=1.74e-07  s/s=0.28
2026-03-17 09:45:26 [INFO] __main__: step=600  loss=0.3138  margin=66.6836  rew_c=-11.945  rew_r=-78.628  lr=1.51e-07  s/s=0.29
2026-03-17 09:45:26 [INFO] __main__: Running evaluation at step 600 …
2026-03-17 09:55:30 [INFO] __main__: EVAL step=600  reward_acc=99.5%  syntax_valid=0.0%
2026-03-17 09:55:35 [INFO] __main__: Saved checkpoint at step 600 → checkpoints/dpo/step_600
2026-03-17 09:55:36 [INFO] __main__: Pruned old checkpoint: checkpoints/dpo/step_600
2026-03-17 09:55:48 [INFO] __main__: step=625  loss=0.2978  margin=68.8203  rew_c=-12.432  rew_r=-81.253  lr=1.29e-07  s/s=0.23
2026-03-17 09:56:01 [INFO] __main__: step=650  loss=0.2510  margin=71.9911  rew_c=-10.881  rew_r=-82.873  lr=1.09e-07  s/s=0.24
2026-03-17 09:56:14 [INFO] __main__: step=675  loss=0.2805  margin=69.6494  rew_c=-12.593  rew_r=-82.242  lr=8.93e-08  s/s=0.25
2026-03-17 09:56:27 [INFO] __main__: step=700  loss=0.3164  margin=69.8686  rew_c=-11.438  rew_r=-81.306  lr=7.15e-08  s/s=0.25
2026-03-17 09:56:40 [INFO] __main__: step=725  loss=0.2673  margin=70.5873  rew_c=-12.797  rew_r=-83.385  lr=5.54e-08  s/s=0.26
2026-03-17 09:56:52 [INFO] __main__: step=750  loss=0.3068  margin=69.3111  rew_c=-11.736  rew_r=-81.047  lr=4.11e-08  s/s=0.27
2026-03-17 09:56:52 [INFO] __main__: Running evaluation at step 750 …
2026-03-17 10:06:48 [INFO] __main__: EVAL step=750  reward_acc=98.5%  syntax_valid=0.0%
2026-03-17 10:06:51 [INFO] __main__: Saved checkpoint at step 750 → checkpoints/dpo/step_750
2026-03-17 10:06:51 [INFO] __main__: Pruned old checkpoint: checkpoints/dpo/step_750
2026-03-17 10:07:04 [INFO] __main__: step=775  loss=0.3011  margin=69.5914  rew_c=-12.760  rew_r=-82.351  lr=2.88e-08  s/s=0.23
2026-03-17 10:07:08 [INFO] __main__: Starting epoch 4 at step 782
2026-03-17 10:07:17 [INFO] __main__: step=800  loss=0.2673  margin=71.4330  rew_c=-12.670  rew_r=-84.103  lr=1.86e-08  s/s=0.23
2026-03-17 10:07:30 [INFO] __main__: step=825  loss=0.2676  margin=70.9316  rew_c=-11.053  rew_r=-81.985  lr=1.05e-08  s/s=0.24
2026-03-17 10:07:43 [INFO] __main__: step=850  loss=0.2801  margin=70.9796  rew_c=-13.614  rew_r=-84.594  lr=4.69e-09  s/s=0.25
2026-03-17 10:07:56 [INFO] __main__: step=875  loss=0.2894  margin=69.8165  rew_c=-12.046  rew_r=-81.863  lr=1.17e-09  s/s=0.25
2026-03-17 10:08:09 [INFO] __main__: step=900  loss=0.2659  margin=71.7188  rew_c=-11.458  rew_r=-83.177  lr=0.00e+00  s/s=0.26
2026-03-17 10:08:09 [INFO] __main__: Running evaluation at step 900 …
2026-03-17 10:18:07 [INFO] __main__: EVAL step=900  reward_acc=99.0%  syntax_valid=0.0%
2026-03-17 10:18:09 [INFO] __main__: Saved checkpoint at step 900 → checkpoints/dpo/step_900
2026-03-17 10:18:10 [INFO] __main__: Pruned old checkpoint: checkpoints/dpo/step_900
2026-03-17 10:18:10 [INFO] __main__: DPO training complete at step 900
2026-03-17 10:18:13 [INFO] __main__: Saved checkpoint at step 900 → checkpoints/dpo/step_900
2026-03-17 10:18:14 [INFO] __main__: Pruned old checkpoint: checkpoints/dpo/step_900
