2026-02-26 22:03:55,168 neurel_deob.dataset.generator INFO Starting dataset generation
2026-02-26 22:03:55,168 neurel_deob.dataset.generator INFO Config: GeneratorConfig(output_dir='obfu_dataset/train_synth_compilable', shard_size=10000, hf_dataset='jordiae/exebench', revision='clang', split='train_synth_compilable', max_samples=None, max_failures=200000, seed=42, skip_rows=120000, max_rows=None, chunk_id=1, num_workers=16, worker_queue_size=320, transforms=['Flatten', 'EncodeArithmetic', 'Flatten+EncodeArithmetic'], max_func_def_len=8000, min_func_def_len=20, max_asm_lines=2000, max_ir_len=8000, tigress_timeout=120, tigress_home=None)
2026-02-26 22:03:55,168 neurel_deob.dataset.generator INFO Transforms: ['Flatten', 'EncodeArithmetic', 'Flatten+EncodeArithmetic']
2026-02-26 22:03:55,168 neurel_deob.dataset.generator INFO Skipping first 120000 rows
2026-02-26 22:03:55,168 neurel_deob.dataset.generator INFO Chunk ID: 1
2026-02-26 22:03:55,168 neurel_deob.dataset.generator INFO Running parallel generation with 16 workers
2026-02-26 22:03:56,312 huggingface_hub.repocard WARNING Repo card metadata block was not found. Setting CardData to empty.
2026-02-26 22:07:58,295 neurel_deob.dataset.generator INFO Generated 100 samples (0.4/s) | seen 310 rows | pending=632 | tigress_fail=63 gcc_fail=0
2026-02-26 22:07:59,935 neurel_deob.dataset.generator INFO Generated 200 samples (0.8/s) | seen 476 rows | pending=923 | tigress_fail=110 gcc_fail=0
2026-02-26 22:08:01,848 neurel_deob.dataset.generator INFO Generated 300 samples (1.2/s) | seen 673 rows | pending=1272 | tigress_fail=189 gcc_fail=0
2026-02-26 22:08:03,785 neurel_deob.dataset.generator INFO Generated 400 samples (1.6/s) | seen 878 rows | pending=1613 | tigress_fail=264 gcc_fail=0
2026-02-26 22:08:05,867 neurel_deob.dataset.generator INFO Generated 500 samples (2.0/s) | seen 984 rows | pending=1750 | tigress_fail=315 gcc_fail=0
2026-02-26 22:08:07,189 neurel_deob.dataset.generator INFO Generated 600 samples (2.4/s) | seen 1061 rows | pending=1800 | tigress_fail=360 gcc_fail=0
2026-02-26 22:08:08,932 neurel_deob.dataset.generator INFO Generated 700 samples (2.8/s) | seen 1226 rows | pending=2078 | tigress_fail=411 gcc_fail=0
2026-02-26 22:08:10,885 neurel_deob.dataset.generator INFO Generated 800 samples (3.1/s) | seen 1420 rows | pending=2416 | tigress_fail=489 gcc_fail=0
2026-02-26 22:08:12,869 neurel_deob.dataset.generator INFO Generated 900 samples (3.5/s) | seen 1610 rows | pending=2735 | tigress_fail=562 gcc_fail=0
2026-02-26 22:08:14,594 neurel_deob.dataset.generator INFO Generated 1000 samples (3.9/s) | seen 1770 rows | pending=2993 | tigress_fail=612 gcc_fail=0
2026-02-26 22:08:16,528 neurel_deob.dataset.generator INFO Generated 1100 samples (4.2/s) | seen 1946 rows | pending=3272 | tigress_fail=671 gcc_fail=0
2026-02-26 22:08:18,378 neurel_deob.dataset.generator INFO Generated 1200 samples (4.6/s) | seen 1991 rows | pending=3222 | tigress_fail=741 gcc_fail=0
2026-02-26 22:08:20,373 neurel_deob.dataset.generator INFO Generated 1300 samples (4.9/s) | seen 2169 rows | pending=3509 | tigress_fail=804 gcc_fail=0
2026-02-26 22:08:22,077 neurel_deob.dataset.generator INFO Generated 1400 samples (5.2/s) | seen 2313 rows | pending=3739 | tigress_fail=831 gcc_fail=0
2026-02-26 22:08:24,011 neurel_deob.dataset.generator INFO Generated 1500 samples (5.6/s) | seen 2475 rows | pending=4003 | tigress_fail=881 gcc_fail=0
2026-02-26 22:08:26,136 neurel_deob.dataset.generator INFO Generated 1600 samples (5.9/s) | seen 2658 rows | pending=4272 | tigress_fail=962 gcc_fail=0
2026-02-26 22:08:28,206 neurel_deob.dataset.generator INFO Generated 1700 samples (6.2/s) | seen 2827 rows | pending=4549 | tigress_fail=1026 gcc_fail=0
2026-02-26 22:08:30,681 neurel_deob.dataset.generator INFO Generated 1800 samples (6.5/s) | seen 2916 rows | pending=4642 | tigress_fail=1070 gcc_fail=0
2026-02-26 22:08:32,104 neurel_deob.dataset.generator INFO Generated 1900 samples (6.9/s) | seen 3023 rows | pending=4757 | tigress_fail=1143 gcc_fail=0
2026-02-26 22:08:34,236 neurel_deob.dataset.generator INFO Generated 2000 samples (7.2/s) | seen 3178 rows | pending=5018 | tigress_fail=1198 gcc_fail=1
2026-02-26 22:08:36,495 neurel_deob.dataset.generator INFO Generated 2100 samples (7.5/s) | seen 3352 rows | pending=5272 | tigress_fail=1273 gcc_fail=1
2026-02-26 22:08:38,789 neurel_deob.dataset.generator INFO Generated 2200 samples (7.8/s) | seen 3522 rows | pending=5542 | tigress_fail=1329 gcc_fail=4
2026-02-26 22:08:41,089 neurel_deob.dataset.generator INFO Generated 2300 samples (8.0/s) | seen 3673 rows | pending=5793 | tigress_fail=1392 gcc_fail=4
2026-02-26 22:08:43,422 neurel_deob.dataset.generator INFO Generated 2400 samples (8.3/s) | seen 3830 rows | pending=6055 | tigress_fail=1441 gcc_fail=7
2026-02-26 22:08:45,512 neurel_deob.dataset.generator INFO Generated 2500 samples (8.6/s) | seen 3915 rows | pending=6088 | tigress_fail=1512 gcc_fail=7
2026-02-26 22:08:47,589 neurel_deob.dataset.generator INFO Generated 2600 samples (8.9/s) | seen 4006 rows | pending=6162 | tigress_fail=1569 gcc_fail=7
2026-02-26 22:08:50,172 neurel_deob.dataset.generator INFO Generated 2700 samples (9.2/s) | seen 4184 rows | pending=6441 | tigress_fail=1655 gcc_fail=7
2026-02-26 22:08:52,576 neurel_deob.dataset.generator INFO Generated 2800 samples (9.4/s) | seen 4348 rows | pending=6688 | tigress_fail=1716 gcc_fail=7
2026-02-26 22:08:55,376 neurel_deob.dataset.generator INFO Generated 2900 samples (9.7/s) | seen 4529 rows | pending=6957 | tigress_fail=1815 gcc_fail=7
2026-02-26 22:08:57,612 neurel_deob.dataset.generator INFO Generated 3000 samples (9.9/s) | seen 4661 rows | pending=7183 | tigress_fail=1840 gcc_fail=7
2026-02-26 22:09:00,471 neurel_deob.dataset.generator INFO Generated 3100 samples (10.2/s) | seen 4839 rows | pending=7450 | tigress_fail=1932 gcc_fail=7
2026-02-26 22:09:03,471 neurel_deob.dataset.generator INFO Generated 3200 samples (10.4/s) | seen 4900 rows | pending=7422 | tigress_fail=2010 gcc_fail=7
2026-02-26 22:09:04,793 neurel_deob.dataset.generator INFO Generated 3300 samples (10.7/s) | seen 4969 rows | pending=7460 | tigress_fail=2064 gcc_fail=7
2026-02-26 22:09:07,562 neurel_deob.dataset.generator INFO Generated 3400 samples (10.9/s) | seen 5132 rows | pending=7694 | tigress_fail=2141 gcc_fail=7
2026-02-26 22:09:10,396 neurel_deob.dataset.generator INFO Generated 3500 samples (11.1/s) | seen 5312 rows | pending=7948 | tigress_fail=2228 gcc_fail=7
2026-02-26 22:09:13,304 neurel_deob.dataset.generator INFO Generated 3600 samples (11.3/s) | seen 5476 rows | pending=8209 | tigress_fail=2290 gcc_fail=10
2026-02-26 22:09:15,824 neurel_deob.dataset.generator INFO Generated 3700 samples (11.5/s) | seen 5618 rows | pending=8425 | tigress_fail=2334 gcc_fail=10
2026-02-26 22:09:18,324 neurel_deob.dataset.generator INFO Generated 3800 samples (11.8/s) | seen 5759 rows | pending=8655 | tigress_fail=2361 gcc_fail=10
2026-02-26 22:09:20,619 neurel_deob.dataset.generator INFO Generated 3900 samples (12.0/s) | seen 5823 rows | pending=8653 | tigress_fail=2437 gcc_fail=10
2026-02-26 22:09:22,591 neurel_deob.dataset.generator INFO Generated 4000 samples (12.2/s) | seen 5876 rows | pending=8668 | tigress_fail=2468 gcc_fail=11
2026-02-26 22:09:25,279 neurel_deob.dataset.generator INFO Generated 4100 samples (12.4/s) | seen 6029 rows | pending=8921 | tigress_fail=2508 gcc_fail=11
2026-02-26 22:09:28,095 neurel_deob.dataset.generator INFO Generated 4200 samples (12.6/s) | seen 6183 rows | pending=9130 | tigress_fail=2576 gcc_fail=12
2026-02-26 22:09:30,974 neurel_deob.dataset.generator INFO Generated 4300 samples (12.8/s) | seen 6331 rows | pending=9347 | tigress_fail=2637 gcc_fail=12
2026-02-26 22:09:34,313 neurel_deob.dataset.generator INFO Generated 4400 samples (13.0/s) | seen 6501 rows | pending=9601 | tigress_fail=2721 gcc_fail=12
2026-02-26 22:09:37,354 neurel_deob.dataset.generator INFO Generated 4500 samples (13.2/s) | seen 6656 rows | pending=9856 | tigress_fail=2771 gcc_fail=15
2026-02-26 22:09:40,160 neurel_deob.dataset.generator INFO Generated 4600 samples (13.3/s) | seen 6762 rows | pending=9968 | tigress_fail=2829 gcc_fail=15
2026-02-26 22:09:42,309 neurel_deob.dataset.generator INFO Generated 4700 samples (13.5/s) | seen 6836 rows | pending=9988 | tigress_fail=2898 gcc_fail=15
2026-02-26 22:09:44,983 neurel_deob.dataset.generator INFO Generated 4800 samples (13.7/s) | seen 6974 rows | pending=10213 | tigress_fail=2921 gcc_fail=15
2026-02-26 22:09:48,306 neurel_deob.dataset.generator INFO Generated 4900 samples (13.9/s) | seen 7139 rows | pending=10460 | tigress_fail=3015 gcc_fail=15
2026-02-26 22:09:51,239 neurel_deob.dataset.generator INFO Generated 5000 samples (14.0/s) | seen 7289 rows | pending=10691 | tigress_fail=3062 gcc_fail=15
2026-02-26 22:09:54,510 neurel_deob.dataset.generator INFO Generated 5100 samples (14.2/s) | seen 7442 rows | pending=10922 | tigress_fail=3139 gcc_fail=15
2026-02-26 22:09:57,793 neurel_deob.dataset.generator INFO Generated 5200 samples (14.3/s) | seen 7591 rows | pending=11153 | tigress_fail=3204 gcc_fail=15
2026-02-26 22:10:01,006 neurel_deob.dataset.generator INFO Generated 5300 samples (14.5/s) | seen 7705 rows | pending=11281 | tigress_fail=3267 gcc_fail=15
2026-02-26 22:10:02,670 neurel_deob.dataset.generator INFO Generated 5400 samples (14.7/s) | seen 7740 rows | pending=11237 | tigress_fail=3310 gcc_fail=15
2026-02-26 22:10:06,296 neurel_deob.dataset.generator INFO Generated 5500 samples (14.8/s) | seen 7903 rows | pending=11474 | tigress_fail=3390 gcc_fail=15
2026-02-26 22:10:09,906 neurel_deob.dataset.generator INFO Generated 5600 samples (14.9/s) | seen 8059 rows | pending=11720 | tigress_fail=3479 gcc_fail=15
2026-02-26 22:10:13,399 neurel_deob.dataset.generator INFO Generated 5700 samples (15.1/s) | seen 8219 rows | pending=11967 | tigress_fail=3543 gcc_fail=15
2026-02-26 22:10:16,890 neurel_deob.dataset.generator INFO Generated 5800 samples (15.2/s) | seen 8376 rows | pending=12197 | tigress_fail=3624 gcc_fail=15
2026-02-26 22:10:20,663 neurel_deob.dataset.generator INFO Generated 5900 samples (15.3/s) | seen 8558 rows | pending=12448 | tigress_fail=3720 gcc_fail=15
2026-02-26 22:10:25,436 neurel_deob.dataset.generator INFO Generated 6000 samples (15.4/s) | seen 8711 rows | pending=12687 | tigress_fail=3789 gcc_fail=15
2026-02-26 22:10:26,751 neurel_deob.dataset.generator INFO Generated 6100 samples (15.6/s) | seen 8737 rows | pending=12596 | tigress_fail=3846 gcc_fail=15
2026-02-26 22:10:29,523 neurel_deob.dataset.generator INFO Generated 6200 samples (15.7/s) | seen 8856 rows | pending=12732 | tigress_fail=3906 gcc_fail=16
2026-02-26 22:10:34,028 neurel_deob.dataset.generator INFO Generated 6300 samples (15.8/s) | seen 9057 rows | pending=13034 | tigress_fail=4017 gcc_fail=16
2026-02-26 22:10:37,662 neurel_deob.dataset.generator INFO Generated 6400 samples (15.9/s) | seen 9205 rows | pending=13258 | tigress_fail=4071 gcc_fail=16
2026-02-26 22:10:41,412 neurel_deob.dataset.generator INFO Generated 6500 samples (16.0/s) | seen 9369 rows | pending=13521 | tigress_fail=4116 gcc_fail=16
2026-02-26 22:10:45,638 neurel_deob.dataset.generator INFO Generated 6600 samples (16.1/s) | seen 9555 rows | pending=13793 | tigress_fail=4200 gcc_fail=16
2026-02-26 22:10:49,042 neurel_deob.dataset.generator INFO Generated 6700 samples (16.2/s) | seen 9664 rows | pending=13909 | tigress_fail=4257 gcc_fail=16
2026-02-26 22:10:52,578 neurel_deob.dataset.generator INFO Generated 6800 samples (16.3/s) | seen 9807 rows | pending=14136 | tigress_fail=4305 gcc_fail=16
2026-02-26 22:10:56,504 neurel_deob.dataset.generator INFO Generated 6900 samples (16.4/s) | seen 9953 rows | pending=14372 | tigress_fail=4347 gcc_fail=16
2026-02-26 22:10:59,047 neurel_deob.dataset.generator INFO Generated 7000 samples (16.5/s) | seen 10014 rows | pending=14381 | tigress_fail=4400 gcc_fail=16
2026-02-26 22:11:03,150 neurel_deob.dataset.generator INFO Generated 7100 samples (16.6/s) | seen 10180 rows | pending=14657 | tigress_fail=4456 gcc_fail=16
2026-02-26 22:11:06,985 neurel_deob.dataset.generator INFO Generated 7200 samples (16.7/s) | seen 10320 rows | pending=14870 | tigress_fail=4491 gcc_fail=16
2026-02-26 22:11:11,272 neurel_deob.dataset.generator INFO Generated 7300 samples (16.7/s) | seen 10482 rows | pending=15118 | tigress_fail=4545 gcc_fail=19
2026-02-26 22:11:15,429 neurel_deob.dataset.generator INFO Generated 7400 samples (16.8/s) | seen 10641 rows | pending=15368 | tigress_fail=4597 gcc_fail=19
2026-02-26 22:11:19,711 neurel_deob.dataset.generator INFO Generated 7500 samples (16.9/s) | seen 10787 rows | pending=15596 | tigress_fail=4656 gcc_fail=19
2026-02-26 22:11:23,606 neurel_deob.dataset.generator INFO Generated 7600 samples (16.9/s) | seen 10924 rows | pending=15811 | tigress_fail=4683 gcc_fail=19
2026-02-26 22:11:26,770 neurel_deob.dataset.generator INFO Generated 7700 samples (17.1/s) | seen 10981 rows | pending=15798 | tigress_fail=4734 gcc_fail=19
2026-02-26 22:11:29,494 neurel_deob.dataset.generator INFO Generated 7800 samples (17.2/s) | seen 11076 rows | pending=15878 | tigress_fail=4791 gcc_fail=22
2026-02-26 22:11:34,251 neurel_deob.dataset.generator INFO Generated 7900 samples (17.2/s) | seen 11254 rows | pending=16128 | tigress_fail=4882 gcc_fail=25
2026-02-26 22:11:38,749 neurel_deob.dataset.generator INFO Generated 8000 samples (17.3/s) | seen 11401 rows | pending=16370 | tigress_fail=4930 gcc_fail=25
2026-02-26 22:11:42,932 neurel_deob.dataset.generator INFO Generated 8100 samples (17.3/s) | seen 11545 rows | pending=16580 | tigress_fail=4980 gcc_fail=25
2026-02-26 22:11:47,601 neurel_deob.dataset.generator INFO Generated 8200 samples (17.4/s) | seen 11710 rows | pending=16831 | tigress_fail=5043 gcc_fail=25
2026-02-26 22:11:52,288 neurel_deob.dataset.generator INFO Generated 8300 samples (17.4/s) | seen 11861 rows | pending=17060 | tigress_fail=5109 gcc_fail=26
2026-02-26 22:11:55,465 neurel_deob.dataset.generator INFO Generated 8400 samples (17.5/s) | seen 11913 rows | pending=17016 | tigress_fail=5181 gcc_fail=30
2026-02-26 22:11:59,250 neurel_deob.dataset.generator INFO Generated 8500 samples (17.6/s) | seen 12037 rows | pending=17180 | tigress_fail=5247 gcc_fail=30
2026-02-26 22:12:03,835 neurel_deob.dataset.generator INFO Generated 8600 samples (17.6/s) | seen 12180 rows | pending=17401 | tigress_fail=5298 gcc_fail=30
2026-02-26 22:12:08,603 neurel_deob.dataset.generator INFO Generated 8700 samples (17.6/s) | seen 12342 rows | pending=17649 | tigress_fail=5352 gcc_fail=30
2026-02-26 22:12:13,309 neurel_deob.dataset.generator INFO Generated 8800 samples (17.7/s) | seen 12509 rows | pending=17897 | tigress_fail=5403 gcc_fail=30
2026-02-26 22:12:18,197 neurel_deob.dataset.generator INFO Generated 8900 samples (17.7/s) | seen 12652 rows | pending=18132 | tigress_fail=5454 gcc_fail=31
2026-02-26 22:12:23,054 neurel_deob.dataset.generator INFO Generated 9000 samples (17.7/s) | seen 12797 rows | pending=18341 | tigress_fail=5529 gcc_fail=31
2026-02-26 22:12:25,542 neurel_deob.dataset.generator INFO Generated 9100 samples (17.8/s) | seen 12833 rows | pending=18241 | tigress_fail=5607 gcc_fail=34
2026-02-26 22:12:27,828 neurel_deob.dataset.generator INFO Generated 9200 samples (17.9/s) | seen 12869 rows | pending=18195 | tigress_fail=5643 gcc_fail=34
2026-02-26 22:12:32,535 neurel_deob.dataset.generator INFO Generated 9300 samples (18.0/s) | seen 13025 rows | pending=18434 | tigress_fail=5691 gcc_fail=34
2026-02-26 22:12:37,519 neurel_deob.dataset.generator INFO Generated 9400 samples (18.0/s) | seen 13174 rows | pending=18658 | tigress_fail=5748 gcc_fail=34
2026-02-26 22:12:42,518 neurel_deob.dataset.generator INFO Generated 9500 samples (18.0/s) | seen 13326 rows | pending=18881 | tigress_fail=5812 gcc_fail=34
2026-02-26 22:12:47,691 neurel_deob.dataset.generator INFO Generated 9600 samples (18.0/s) | seen 13496 rows | pending=19148 | tigress_fail=5880 gcc_fail=37
2026-02-26 22:12:52,638 neurel_deob.dataset.generator INFO Generated 9700 samples (18.0/s) | seen 13658 rows | pending=19396 | tigress_fail=5925 gcc_fail=37
2026-02-26 22:12:58,731 neurel_deob.dataset.generator INFO Generated 9800 samples (18.0/s) | seen 13779 rows | pending=19569 | tigress_fail=5976 gcc_fail=37
2026-02-26 22:12:59,996 neurel_deob.dataset.generator INFO Generated 9900 samples (18.2/s) | seen 13796 rows | pending=19475 | tigress_fail=6012 gcc_fail=37
2026-02-26 22:13:11,727 neurel_deob.dataset.generator INFO Wrote shard 0: 10000 samples → obfu_dataset/train_synth_compilable/shard-chunk0001-00000.parquet (971.2 MB)
2026-02-26 22:13:11,745 neurel_deob.dataset.generator INFO Generated 10000 samples (18.0/s) | seen 13888 rows | pending=19525 | tigress_fail=6069 gcc_fail=37
2026-02-26 22:13:11,777 neurel_deob.dataset.generator INFO Generated 10100 samples (18.1/s) | seen 13889 rows | pending=19356 | tigress_fail=6141 gcc_fail=37
2026-02-26 22:13:11,778 neurel_deob.dataset.generator INFO Generated 10200 samples (18.3/s) | seen 13889 rows | pending=19196 | tigress_fail=6201 gcc_fail=37
2026-02-26 22:13:11,778 neurel_deob.dataset.generator INFO Generated 10300 samples (18.5/s) | seen 13889 rows | pending=19021 | tigress_fail=6276 gcc_fail=37
2026-02-26 22:13:12,299 neurel_deob.dataset.generator INFO Generated 10400 samples (18.7/s) | seen 13904 rows | pending=18902 | tigress_fail=6334 gcc_fail=37
2026-02-26 22:13:17,502 neurel_deob.dataset.generator INFO Generated 10500 samples (18.7/s) | seen 14073 rows | pending=19160 | tigress_fail=6399 gcc_fail=37
2026-02-26 22:13:22,727 neurel_deob.dataset.generator INFO Generated 10600 samples (18.7/s) | seen 14226 rows | pending=19402 | tigress_fail=6465 gcc_fail=37
2026-02-26 22:13:28,225 neurel_deob.dataset.generator INFO Generated 10700 samples (18.7/s) | seen 14399 rows | pending=19635 | tigress_fail=6576 gcc_fail=37
2026-02-26 22:13:33,450 neurel_deob.dataset.generator INFO Generated 10800 samples (18.7/s) | seen 14554 rows | pending=19871 | tigress_fail=6651 gcc_fail=37
2026-02-26 22:13:39,623 neurel_deob.dataset.generator INFO Generated 10900 samples (18.6/s) | seen 14700 rows | pending=20074 | tigress_fail=6708 gcc_fail=37
2026-02-26 22:13:41,393 neurel_deob.dataset.generator INFO Generated 11000 samples (18.8/s) | seen 14723 rows | pending=19977 | tigress_fail=6762 gcc_fail=40
2026-02-26 22:13:44,417 neurel_deob.dataset.generator INFO Generated 11100 samples (18.8/s) | seen 14807 rows | pending=20048 | tigress_fail=6819 gcc_fail=40
2026-02-26 22:13:49,890 neurel_deob.dataset.generator INFO Generated 11200 samples (18.8/s) | seen 14966 rows | pending=20293 | tigress_fail=6885 gcc_fail=40
2026-02-26 22:13:54,913 neurel_deob.dataset.generator INFO Generated 11300 samples (18.8/s) | seen 15100 rows | pending=20498 | tigress_fail=6937 gcc_fail=40
2026-02-26 22:14:00,001 neurel_deob.dataset.generator INFO Generated 11400 samples (18.8/s) | seen 15239 rows | pending=20711 | tigress_fail=6984 gcc_fail=40
2026-02-26 22:14:05,334 neurel_deob.dataset.generator INFO Generated 11500 samples (18.8/s) | seen 15394 rows | pending=20922 | tigress_fail=7065 gcc_fail=41
2026-02-26 22:14:10,396 neurel_deob.dataset.generator INFO Generated 11600 samples (18.9/s) | seen 15538 rows | pending=21158 | tigress_fail=7095 gcc_fail=41
2026-02-26 22:14:16,037 neurel_deob.dataset.generator INFO Generated 11700 samples (18.8/s) | seen 15649 rows | pending=21313 | tigress_fail=7146 gcc_fail=41
2026-02-26 22:14:17,834 neurel_deob.dataset.generator INFO Generated 11800 samples (19.0/s) | seen 15679 rows | pending=21249 | tigress_fail=7194 gcc_fail=41
2026-02-26 22:14:21,837 neurel_deob.dataset.generator INFO Generated 11900 samples (19.0/s) | seen 15792 rows | pending=21380 | tigress_fail=7254 gcc_fail=41
2026-02-26 22:14:27,120 neurel_deob.dataset.generator INFO Generated 12000 samples (19.0/s) | seen 15918 rows | pending=21601 | tigress_fail=7290 gcc_fail=41
2026-02-26 22:14:32,687 neurel_deob.dataset.generator INFO Generated 12100 samples (19.0/s) | seen 16062 rows | pending=21836 | tigress_fail=7345 gcc_fail=41
2026-02-26 22:14:38,222 neurel_deob.dataset.generator INFO Generated 12200 samples (19.0/s) | seen 16207 rows | pending=22060 | tigress_fail=7380 gcc_fail=42
2026-02-26 22:14:43,632 neurel_deob.dataset.generator INFO Generated 12300 samples (19.0/s) | seen 16349 rows | pending=22286 | tigress_fail=7423 gcc_fail=42
2026-02-26 22:14:49,346 neurel_deob.dataset.generator INFO Generated 12400 samples (19.0/s) | seen 16507 rows | pending=22517 | tigress_fail=7497 gcc_fail=45
2026-02-26 22:14:55,791 neurel_deob.dataset.generator INFO Generated 12500 samples (18.9/s) | seen 16644 rows | pending=22744 | tigress_fail=7527 gcc_fail=45
2026-02-26 22:14:57,677 neurel_deob.dataset.generator INFO Generated 12600 samples (19.0/s) | seen 16671 rows | pending=22665 | tigress_fail=7581 gcc_fail=45
2026-02-26 22:15:01,438 neurel_deob.dataset.generator INFO Generated 12700 samples (19.1/s) | seen 16770 rows | pending=22781 | tigress_fail=7623 gcc_fail=45
2026-02-26 22:15:07,991 neurel_deob.dataset.generator INFO Generated 12800 samples (19.0/s) | seen 16959 rows | pending=23071 | tigress_fail=7692 gcc_fail=45
2026-02-26 22:15:13,631 neurel_deob.dataset.generator INFO Generated 12900 samples (19.0/s) | seen 17097 rows | pending=23300 | tigress_fail=7732 gcc_fail=45
2026-02-26 22:15:19,688 neurel_deob.dataset.generator INFO Generated 13000 samples (19.0/s) | seen 17256 rows | pending=23555 | tigress_fail=7779 gcc_fail=45
2026-02-26 22:15:25,765 neurel_deob.dataset.generator INFO Generated 13100 samples (19.0/s) | seen 17407 rows | pending=23797 | tigress_fail=7836 gcc_fail=45
2026-02-26 22:15:31,667 neurel_deob.dataset.generator INFO Generated 13200 samples (19.0/s) | seen 17536 rows | pending=23922 | tigress_fail=7917 gcc_fail=45
2026-02-26 22:15:33,524 neurel_deob.dataset.generator INFO Generated 13300 samples (19.0/s) | seen 17558 rows | pending=23798 | tigress_fail=8001 gcc_fail=45
2026-02-26 22:15:39,518 neurel_deob.dataset.generator INFO Generated 13400 samples (19.0/s) | seen 17714 rows | pending=24024 | tigress_fail=8080 gcc_fail=45
2026-02-26 22:15:45,623 neurel_deob.dataset.generator INFO Generated 13500 samples (19.0/s) | seen 17868 rows | pending=24258 | tigress_fail=8139 gcc_fail=51
2026-02-26 22:15:51,765 neurel_deob.dataset.generator INFO Generated 13600 samples (19.0/s) | seen 18017 rows | pending=24491 | tigress_fail=8187 gcc_fail=51
2026-02-26 22:15:57,620 neurel_deob.dataset.generator INFO Generated 13700 samples (19.0/s) | seen 18160 rows | pending=24721 | tigress_fail=8238 gcc_fail=51
2026-02-26 22:16:03,744 neurel_deob.dataset.generator INFO Generated 13800 samples (18.9/s) | seen 18309 rows | pending=24960 | tigress_fail=8277 gcc_fail=51
2026-02-26 22:16:09,840 neurel_deob.dataset.generator INFO Generated 13900 samples (18.9/s) | seen 18459 rows | pending=25187 | tigress_fail=8331 gcc_fail=54
2026-02-26 22:16:13,238 neurel_deob.dataset.generator INFO Generated 14000 samples (19.0/s) | seen 18490 rows | pending=25084 | tigress_fail=8406 gcc_fail=54
2026-02-26 22:16:16,580 neurel_deob.dataset.generator INFO Generated 14100 samples (19.0/s) | seen 18578 rows | pending=25145 | tigress_fail=8464 gcc_fail=54
2026-02-26 22:16:22,933 neurel_deob.dataset.generator INFO Generated 14200 samples (19.0/s) | seen 18731 rows | pending=25382 | tigress_fail=8511 gcc_fail=54
2026-02-26 22:16:29,356 neurel_deob.dataset.generator INFO Generated 14300 samples (19.0/s) | seen 18882 rows | pending=25624 | tigress_fail=8568 gcc_fail=54
2026-02-26 22:16:35,545 neurel_deob.dataset.generator INFO Generated 14400 samples (18.9/s) | seen 19036 rows | pending=25866 | tigress_fail=8613 gcc_fail=54
2026-02-26 22:16:42,002 neurel_deob.dataset.generator INFO Generated 14500 samples (18.9/s) | seen 19185 rows | pending=26087 | tigress_fail=8667 gcc_fail=54
2026-02-26 22:16:48,578 neurel_deob.dataset.generator INFO Generated 14600 samples (18.9/s) | seen 19337 rows | pending=26311 | tigress_fail=8727 gcc_fail=54
2026-02-26 22:16:52,971 neurel_deob.dataset.generator INFO Generated 14700 samples (18.9/s) | seen 19433 rows | pending=26403 | tigress_fail=8772 gcc_fail=54
2026-02-26 22:16:59,919 neurel_deob.dataset.generator INFO Generated 14800 samples (18.9/s) | seen 19597 rows | pending=26636 | tigress_fail=8874 gcc_fail=54
2026-02-26 22:17:06,457 neurel_deob.dataset.generator INFO Generated 14900 samples (18.8/s) | seen 19759 rows | pending=26860 | tigress_fail=8955 gcc_fail=54
2026-02-26 22:17:12,964 neurel_deob.dataset.generator INFO Generated 15000 samples (18.8/s) | seen 19900 rows | pending=27078 | tigress_fail=9018 gcc_fail=54
2026-02-26 22:17:18,240 neurel_deob.dataset.generator INFO Generated 15100 samples (18.8/s) | seen 20002 rows | pending=27149 | tigress_fail=9093 gcc_fail=54
2026-02-26 22:17:22,156 neurel_deob.dataset.generator INFO Generated 15200 samples (18.8/s) | seen 20089 rows | pending=27211 | tigress_fail=9147 gcc_fail=54
2026-02-26 22:17:28,518 neurel_deob.dataset.generator INFO Generated 15300 samples (18.8/s) | seen 20239 rows | pending=27447 | tigress_fail=9195 gcc_fail=54
2026-02-26 22:17:35,702 neurel_deob.dataset.generator INFO Generated 15400 samples (18.8/s) | seen 20416 rows | pending=27689 | tigress_fail=9297 gcc_fail=57
2026-02-26 22:17:41,846 neurel_deob.dataset.generator INFO Generated 15500 samples (18.7/s) | seen 20560 rows | pending=27898 | tigress_fail=9345 gcc_fail=57
2026-02-26 22:17:48,313 neurel_deob.dataset.generator INFO Generated 15600 samples (18.7/s) | seen 20706 rows | pending=28125 | tigress_fail=9396 gcc_fail=57
2026-02-26 22:17:54,488 neurel_deob.dataset.generator INFO Generated 15700 samples (18.7/s) | seen 20849 rows | pending=28319 | tigress_fail=9459 gcc_fail=57
2026-02-26 22:17:59,130 neurel_deob.dataset.generator INFO Generated 15800 samples (18.7/s) | seen 20930 rows | pending=28363 | tigress_fail=9516 gcc_fail=60
2026-02-26 22:18:02,894 neurel_deob.dataset.generator INFO Generated 15900 samples (18.8/s) | seen 21002 rows | pending=28377 | tigress_fail=9588 gcc_fail=60
2026-02-26 22:18:09,462 neurel_deob.dataset.generator INFO Generated 16000 samples (18.7/s) | seen 21145 rows | pending=28586 | tigress_fail=9648 gcc_fail=60
2026-02-26 22:18:15,855 neurel_deob.dataset.generator INFO Generated 16100 samples (18.7/s) | seen 21280 rows | pending=28795 | tigress_fail=9690 gcc_fail=60
2026-02-26 22:18:22,894 neurel_deob.dataset.generator INFO Generated 16200 samples (18.7/s) | seen 21424 rows | pending=29033 | tigress_fail=9751 gcc_fail=60
2026-02-26 22:18:29,674 neurel_deob.dataset.generator INFO Generated 16300 samples (18.6/s) | seen 21571 rows | pending=29243 | tigress_fail=9807 gcc_fail=60
2026-02-26 22:18:36,548 neurel_deob.dataset.generator INFO Generated 16400 samples (18.6/s) | seen 21727 rows | pending=29451 | tigress_fail=9892 gcc_fail=60
2026-02-26 22:18:43,579 neurel_deob.dataset.generator INFO Generated 16500 samples (18.6/s) | seen 21859 rows | pending=29613 | tigress_fail=9951 gcc_fail=60
2026-02-26 22:18:45,707 neurel_deob.dataset.generator INFO Generated 16600 samples (18.6/s) | seen 21883 rows | pending=29543 | tigress_fail=9975 gcc_fail=60
2026-02-26 22:18:49,375 neurel_deob.dataset.generator INFO Generated 16700 samples (18.7/s) | seen 21967 rows | pending=29599 | tigress_fail=10029 gcc_fail=60
2026-02-26 22:18:55,555 neurel_deob.dataset.generator INFO Generated 16800 samples (18.7/s) | seen 22099 rows | pending=29775 | tigress_fail=10089 gcc_fail=60
2026-02-26 22:19:01,799 neurel_deob.dataset.generator INFO Generated 16900 samples (18.6/s) | seen 22239 rows | pending=29948 | tigress_fail=10149 gcc_fail=63
2026-02-26 22:19:07,833 neurel_deob.dataset.generator INFO Generated 17000 samples (18.6/s) | seen 22365 rows | pending=30128 | tigress_fail=10199 gcc_fail=66
2026-02-26 22:19:14,086 neurel_deob.dataset.generator INFO Generated 17100 samples (18.6/s) | seen 22484 rows | pending=30303 | tigress_fail=10245 gcc_fail=66
2026-02-26 22:19:21,264 neurel_deob.dataset.generator INFO Generated 17200 samples (18.6/s) | seen 22638 rows | pending=30539 | tigress_fail=10302 gcc_fail=66
2026-02-26 22:19:28,300 neurel_deob.dataset.generator INFO Generated 17300 samples (18.5/s) | seen 22781 rows | pending=30760 | tigress_fail=10365 gcc_fail=66
2026-02-26 22:19:33,246 neurel_deob.dataset.generator INFO Generated 17400 samples (18.5/s) | seen 22855 rows | pending=30831 | tigress_fail=10398 gcc_fail=66
2026-02-26 22:19:35,686 neurel_deob.dataset.generator INFO Generated 17500 samples (18.6/s) | seen 22882 rows | pending=30736 | tigress_fail=10459 gcc_fail=66
2026-02-26 22:19:41,854 neurel_deob.dataset.generator INFO Generated 17600 samples (18.6/s) | seen 23010 rows | pending=30916 | tigress_fail=10500 gcc_fail=66
2026-02-26 22:19:48,768 neurel_deob.dataset.generator INFO Generated 17700 samples (18.6/s) | seen 23150 rows | pending=31106 | tigress_fail=10570 gcc_fail=69
2026-02-26 22:19:55,249 neurel_deob.dataset.generator INFO Generated 17800 samples (18.5/s) | seen 23291 rows | pending=31292 | tigress_fail=10626 gcc_fail=69
2026-02-26 22:20:01,897 neurel_deob.dataset.generator INFO Generated 17900 samples (18.5/s) | seen 23423 rows | pending=31492 | tigress_fail=10671 gcc_fail=69
2026-02-26 22:20:08,367 neurel_deob.dataset.generator INFO Generated 18000 samples (18.5/s) | seen 23554 rows | pending=31680 | tigress_fail=10716 gcc_fail=69
2026-02-26 22:20:14,621 neurel_deob.dataset.generator INFO Generated 18100 samples (18.5/s) | seen 23692 rows | pending=31886 | tigress_fail=10737 gcc_fail=72
2026-02-26 22:20:19,212 neurel_deob.dataset.generator INFO Generated 18200 samples (18.5/s) | seen 23777 rows | pending=31918 | tigress_fail=10806 gcc_fail=72
2026-02-26 22:20:24,619 neurel_deob.dataset.generator INFO Generated 18300 samples (18.5/s) | seen 23885 rows | pending=32016 | tigress_fail=10899 gcc_fail=72
2026-02-26 22:20:31,567 neurel_deob.dataset.generator INFO Generated 18400 samples (18.5/s) | seen 24030 rows | pending=32228 | tigress_fail=10959 gcc_fail=75
2026-02-26 22:20:38,001 neurel_deob.dataset.generator INFO Generated 18500 samples (18.4/s) | seen 24166 rows | pending=32424 | tigress_fail=11023 gcc_fail=75
2026-02-26 22:20:45,501 neurel_deob.dataset.generator INFO Generated 18600 samples (18.4/s) | seen 24314 rows | pending=32651 | tigress_fail=11086 gcc_fail=75
2026-02-26 22:20:52,239 neurel_deob.dataset.generator INFO Generated 18700 samples (18.4/s) | seen 24445 rows | pending=32828 | tigress_fail=11145 gcc_fail=78
2026-02-26 22:20:59,086 neurel_deob.dataset.generator INFO Generated 18800 samples (18.4/s) | seen 24580 rows | pending=33045 | tigress_fail=11181 gcc_fail=79
2026-02-26 22:21:06,498 neurel_deob.dataset.generator INFO Generated 18900 samples (18.3/s) | seen 24711 rows | pending=33211 | tigress_fail=11244 gcc_fail=80
2026-02-26 22:21:08,592 neurel_deob.dataset.generator INFO Generated 19000 samples (18.4/s) | seen 24735 rows | pending=33135 | tigress_fail=11280 gcc_fail=80
2026-02-26 22:21:13,442 neurel_deob.dataset.generator INFO Generated 19100 samples (18.4/s) | seen 24837 rows | pending=33230 | tigress_fail=11352 gcc_fail=80
2026-02-26 22:21:20,063 neurel_deob.dataset.generator INFO Generated 19200 samples (18.4/s) | seen 24968 rows | pending=33415 | tigress_fail=11394 gcc_fail=80
2026-02-26 22:21:27,054 neurel_deob.dataset.generator INFO Generated 19300 samples (18.3/s) | seen 25099 rows | pending=33617 | tigress_fail=11449 gcc_fail=80
2026-02-26 22:21:33,482 neurel_deob.dataset.generator INFO Generated 19400 samples (18.3/s) | seen 25222 rows | pending=33803 | tigress_fail=11487 gcc_fail=80
2026-02-26 22:21:40,196 neurel_deob.dataset.generator INFO Generated 19500 samples (18.3/s) | seen 25350 rows | pending=33973 | tigress_fail=11547 gcc_fail=80
2026-02-26 22:21:47,005 neurel_deob.dataset.generator INFO Generated 19600 samples (18.3/s) | seen 25490 rows | pending=34160 | tigress_fail=11626 gcc_fail=80
2026-02-26 22:21:53,646 neurel_deob.dataset.generator INFO Generated 19700 samples (18.3/s) | seen 25630 rows | pending=34358 | tigress_fail=11685 gcc_fail=80
2026-02-26 22:21:58,291 neurel_deob.dataset.generator INFO Generated 19800 samples (18.3/s) | seen 25695 rows | pending=34360 | tigress_fail=11742 gcc_fail=80
2026-02-26 22:22:01,601 neurel_deob.dataset.generator INFO Generated 19900 samples (18.3/s) | seen 25767 rows | pending=34386 | tigress_fail=11802 gcc_fail=80
2026-02-26 22:22:16,814 neurel_deob.dataset.generator INFO Wrote shard 1: 10000 samples → obfu_dataset/train_synth_compilable/shard-chunk0001-00001.parquet (971.6 MB)
2026-02-26 22:22:16,841 neurel_deob.dataset.generator INFO Generated 20000 samples (18.2/s) | seen 25901 rows | pending=34583 | tigress_fail=11847 gcc_fail=80
2026-02-26 22:22:16,874 neurel_deob.dataset.generator INFO Generated 20100 samples (18.2/s) | seen 25902 rows | pending=34405 | tigress_fail=11928 gcc_fail=80
2026-02-26 22:22:16,874 neurel_deob.dataset.generator INFO Generated 20200 samples (18.3/s) | seen 25902 rows | pending=34241 | tigress_fail=11991 gcc_fail=81
2026-02-26 22:22:16,875 neurel_deob.dataset.generator INFO Generated 20300 samples (18.4/s) | seen 25902 rows | pending=34099 | tigress_fail=12033 gcc_fail=81
2026-02-26 22:22:18,180 neurel_deob.dataset.generator INFO Generated 20400 samples (18.5/s) | seen 25925 rows | pending=34026 | tigress_fail=12069 gcc_fail=81
2026-02-26 22:22:25,779 neurel_deob.dataset.generator INFO Generated 20500 samples (18.5/s) | seen 26068 rows | pending=34248 | tigress_fail=12118 gcc_fail=82
2026-02-26 22:22:33,291 neurel_deob.dataset.generator INFO Generated 20600 samples (18.4/s) | seen 26217 rows | pending=34464 | tigress_fail=12183 gcc_fail=82
2026-02-26 22:22:40,176 neurel_deob.dataset.generator INFO Generated 20700 samples (18.4/s) | seen 26352 rows | pending=34670 | tigress_fail=12234 gcc_fail=82
2026-02-26 22:22:46,290 neurel_deob.dataset.generator INFO Generated 20800 samples (18.4/s) | seen 26473 rows | pending=34858 | tigress_fail=12267 gcc_fail=85
2026-02-26 22:22:53,073 neurel_deob.dataset.generator INFO Generated 20900 samples (18.4/s) | seen 26602 rows | pending=35029 | tigress_fail=12332 gcc_fail=85
2026-02-26 22:22:58,142 neurel_deob.dataset.generator INFO Generated 21000 samples (18.4/s) | seen 26675 rows | pending=35066 | tigress_fail=12396 gcc_fail=85
2026-02-26 22:23:01,418 neurel_deob.dataset.generator INFO Generated 21100 samples (18.4/s) | seen 26729 rows | pending=35049 | tigress_fail=12450 gcc_fail=86
2026-02-26 22:23:08,880 neurel_deob.dataset.generator INFO Generated 21200 samples (18.4/s) | seen 26874 rows | pending=35264 | tigress_fail=12519 gcc_fail=86
2026-02-26 22:23:16,838 neurel_deob.dataset.generator INFO Generated 21300 samples (18.3/s) | seen 27023 rows | pending=35462 | tigress_fail=12590 gcc_fail=89
2026-02-26 22:23:24,498 neurel_deob.dataset.generator INFO Generated 21400 samples (18.3/s) | seen 27177 rows | pending=35685 | tigress_fail=12648 gcc_fail=89
2026-02-26 22:23:32,343 neurel_deob.dataset.generator INFO Generated 21500 samples (18.3/s) | seen 27321 rows | pending=35882 | tigress_fail=12711 gcc_fail=89
2026-02-26 22:23:40,428 neurel_deob.dataset.generator INFO Generated 21600 samples (18.2/s) | seen 27467 rows | pending=36079 | tigress_fail=12798 gcc_fail=89
2026-02-26 22:23:48,490 neurel_deob.dataset.generator INFO Generated 21700 samples (18.2/s) | seen 27598 rows | pending=36237 | tigress_fail=12861 gcc_fail=89
2026-02-26 22:23:51,415 neurel_deob.dataset.generator INFO Generated 21800 samples (18.2/s) | seen 27635 rows | pending=36140 | tigress_fail=12948 gcc_fail=95
2026-02-26 22:23:56,247 neurel_deob.dataset.generator INFO Generated 21900 samples (18.2/s) | seen 27732 rows | pending=36214 | tigress_fail=13011 gcc_fail=95
2026-02-26 22:24:03,869 neurel_deob.dataset.generator INFO Generated 22000 samples (18.2/s) | seen 27868 rows | pending=36408 | tigress_fail=13077 gcc_fail=95
2026-02-26 22:24:11,522 neurel_deob.dataset.generator INFO Generated 22100 samples (18.2/s) | seen 28014 rows | pending=36611 | tigress_fail=13146 gcc_fail=95
2026-02-26 22:24:19,169 neurel_deob.dataset.generator INFO Generated 22200 samples (18.1/s) | seen 28153 rows | pending=36814 | tigress_fail=13200 gcc_fail=95
2026-02-26 22:24:26,738 neurel_deob.dataset.generator INFO Generated 22300 samples (18.1/s) | seen 28302 rows | pending=37007 | tigress_fail=13273 gcc_fail=95
2026-02-26 22:24:33,431 neurel_deob.dataset.generator INFO Generated 22400 samples (18.1/s) | seen 28428 rows | pending=37187 | tigress_fail=13332 gcc_fail=95
2026-02-26 22:24:38,035 neurel_deob.dataset.generator INFO Generated 22500 samples (18.1/s) | seen 28490 rows | pending=37156 | tigress_fail=13425 gcc_fail=95
2026-02-26 22:24:41,547 neurel_deob.dataset.generator INFO Generated 22600 samples (18.1/s) | seen 28540 rows | pending=37122 | tigress_fail=13485 gcc_fail=95
2026-02-26 22:24:48,616 neurel_deob.dataset.generator INFO Generated 22700 samples (18.1/s) | seen 28667 rows | pending=37274 | tigress_fail=13563 gcc_fail=95
2026-02-26 22:24:56,153 neurel_deob.dataset.generator INFO Generated 22800 samples (18.1/s) | seen 28802 rows | pending=37477 | tigress_fail=13599 gcc_fail=95
2026-02-26 22:25:03,217 neurel_deob.dataset.generator INFO Generated 22900 samples (18.1/s) | seen 28929 rows | pending=37664 | tigress_fail=13639 gcc_fail=95
2026-02-26 22:25:10,306 neurel_deob.dataset.generator INFO Generated 23000 samples (18.0/s) | seen 29059 rows | pending=37829 | tigress_fail=13713 gcc_fail=95
2026-02-26 22:25:17,540 neurel_deob.dataset.generator INFO Generated 23100 samples (18.0/s) | seen 29204 rows | pending=38014 | tigress_fail=13797 gcc_fail=95
2026-02-26 22:25:24,663 neurel_deob.dataset.generator INFO Generated 23200 samples (18.0/s) | seen 29343 rows | pending=38217 | tigress_fail=13848 gcc_fail=95
2026-02-26 22:25:31,914 neurel_deob.dataset.generator INFO Generated 23300 samples (18.0/s) | seen 29456 rows | pending=38357 | tigress_fail=13899 gcc_fail=95
2026-02-26 22:25:36,880 neurel_deob.dataset.generator INFO Generated 23400 samples (18.0/s) | seen 29534 rows | pending=38434 | tigress_fail=13938 gcc_fail=95
2026-02-26 22:25:44,848 neurel_deob.dataset.generator INFO Generated 23500 samples (17.9/s) | seen 29670 rows | pending=38640 | tigress_fail=13992 gcc_fail=95
2026-02-26 22:25:52,384 neurel_deob.dataset.generator INFO Generated 23600 samples (17.9/s) | seen 29808 rows | pending=38847 | tigress_fail=14051 gcc_fail=95
2026-02-26 22:25:59,527 neurel_deob.dataset.generator INFO Generated 23700 samples (17.9/s) | seen 29928 rows | pending=39016 | tigress_fail=14103 gcc_fail=95
2026-02-26 22:26:05,595 neurel_deob.dataset.generator INFO Generated 23800 samples (17.9/s) | seen 30001 rows | pending=39015 | tigress_fail=14202 gcc_fail=95
2026-02-26 22:26:12,093 neurel_deob.dataset.generator INFO Generated 23900 samples (17.9/s) | seen 30124 rows | pending=39158 | tigress_fail=14283 gcc_fail=98
2026-02-26 22:26:19,421 neurel_deob.dataset.generator INFO Generated 24000 samples (17.9/s) | seen 30253 rows | pending=39364 | tigress_fail=14316 gcc_fail=98
2026-02-26 22:26:26,965 neurel_deob.dataset.generator INFO Generated 24100 samples (17.8/s) | seen 30387 rows | pending=39552 | tigress_fail=14367 gcc_fail=98
2026-02-26 22:26:34,928 neurel_deob.dataset.generator INFO Generated 24200 samples (17.8/s) | seen 30522 rows | pending=39743 | tigress_fail=14430 gcc_fail=98
2026-02-26 22:26:43,179 neurel_deob.dataset.generator INFO Generated 24300 samples (17.8/s) | seen 30662 rows | pending=39943 | tigress_fail=14493 gcc_fail=98
2026-02-26 22:26:51,565 neurel_deob.dataset.generator INFO Generated 24400 samples (17.7/s) | seen 30800 rows | pending=40134 | tigress_fail=14553 gcc_fail=101
2026-02-26 22:26:59,128 neurel_deob.dataset.generator INFO Generated 24500 samples (17.7/s) | seen 30929 rows | pending=40307 | tigress_fail=14622 gcc_fail=101
2026-02-26 22:27:06,339 neurel_deob.dataset.generator INFO Generated 24600 samples (17.7/s) | seen 31005 rows | pending=40369 | tigress_fail=14661 gcc_fail=101
2026-02-26 22:27:06,340 neurel_deob.dataset.generator INFO Generated 24700 samples (17.8/s) | seen 31005 rows | pending=40230 | tigress_fail=14700 gcc_fail=101
2026-02-26 22:27:09,360 neurel_deob.dataset.generator INFO Generated 24800 samples (17.8/s) | seen 31053 rows | pending=40169 | tigress_fail=14769 gcc_fail=101
2026-02-26 22:27:17,185 neurel_deob.dataset.generator INFO Generated 24900 samples (17.8/s) | seen 31184 rows | pending=40353 | tigress_fail=14839 gcc_fail=101
2026-02-26 22:27:24,810 neurel_deob.dataset.generator INFO Generated 25000 samples (17.7/s) | seen 31325 rows | pending=40515 | tigress_fail=14940 gcc_fail=101
2026-02-26 22:27:32,573 neurel_deob.dataset.generator INFO Generated 25100 samples (17.7/s) | seen 31455 rows | pending=40694 | tigress_fail=15009 gcc_fail=101
2026-02-26 22:27:41,377 neurel_deob.dataset.generator INFO Generated 25200 samples (17.7/s) | seen 31603 rows | pending=40897 | tigress_fail=15075 gcc_fail=101
2026-02-26 22:27:48,417 neurel_deob.dataset.generator INFO Generated 25300 samples (17.7/s) | seen 31721 rows | pending=41057 | tigress_fail=15115 gcc_fail=101
2026-02-26 22:27:56,052 neurel_deob.dataset.generator INFO Generated 25400 samples (17.6/s) | seen 31852 rows | pending=41219 | tigress_fail=15192 gcc_fail=101
2026-02-26 22:28:04,110 neurel_deob.dataset.generator INFO Generated 25500 samples (17.6/s) | seen 31990 rows | pending=41400 | tigress_fail=15243 gcc_fail=102
2026-02-26 22:28:05,639 neurel_deob.dataset.generator INFO Generated 25600 samples (17.6/s) | seen 32014 rows | pending=41282 | tigress_fail=15312 gcc_fail=102
2026-02-26 22:28:12,760 neurel_deob.dataset.generator INFO Generated 25700 samples (17.6/s) | seen 32147 rows | pending=41449 | tigress_fail=15384 gcc_fail=102
2026-02-26 22:28:20,451 neurel_deob.dataset.generator INFO Generated 25800 samples (17.6/s) | seen 32274 rows | pending=41628 | tigress_fail=15447 gcc_fail=102
2026-02-26 22:28:28,586 neurel_deob.dataset.generator INFO Generated 25900 samples (17.6/s) | seen 32417 rows | pending=41840 | tigress_fail=15492 gcc_fail=102
2026-02-26 22:28:35,810 neurel_deob.dataset.generator INFO Generated 26000 samples (17.6/s) | seen 32529 rows | pending=41998 | tigress_fail=15531 gcc_fail=102
2026-02-26 22:28:44,825 neurel_deob.dataset.generator INFO Generated 26100 samples (17.5/s) | seen 32697 rows | pending=42246 | tigress_fail=15606 gcc_fail=102
2026-02-26 22:28:51,786 neurel_deob.dataset.generator INFO Generated 26200 samples (17.5/s) | seen 32813 rows | pending=42407 | tigress_fail=15651 gcc_fail=102
2026-02-26 22:28:58,927 neurel_deob.dataset.generator INFO Generated 26300 samples (17.5/s) | seen 32914 rows | pending=42511 | tigress_fail=15705 gcc_fail=102
2026-02-26 22:29:01,293 neurel_deob.dataset.generator INFO Generated 26400 samples (17.5/s) | seen 32939 rows | pending=42443 | tigress_fail=15738 gcc_fail=103
2026-02-26 22:29:05,888 neurel_deob.dataset.generator INFO Generated 26500 samples (17.5/s) | seen 33015 rows | pending=42517 | tigress_fail=15765 gcc_fail=103
2026-02-26 22:29:12,786 neurel_deob.dataset.generator INFO Generated 26600 samples (17.5/s) | seen 33139 rows | pending=42657 | tigress_fail=15837 gcc_fail=103
2026-02-26 22:29:20,608 neurel_deob.dataset.generator INFO Generated 26700 samples (17.5/s) | seen 33291 rows | pending=42839 | tigress_fail=15921 gcc_fail=106
2026-02-26 22:29:27,048 neurel_deob.dataset.generator INFO Generated 26800 samples (17.5/s) | seen 33405 rows | pending=42979 | tigress_fail=15966 gcc_fail=106
2026-02-26 22:29:34,206 neurel_deob.dataset.generator INFO Generated 26900 samples (17.5/s) | seen 33541 rows | pending=43143 | tigress_fail=16035 gcc_fail=106
2026-02-26 22:29:42,398 neurel_deob.dataset.generator INFO Generated 27000 samples (17.5/s) | seen 33688 rows | pending=43339 | tigress_fail=16108 gcc_fail=106
2026-02-26 22:29:50,964 neurel_deob.dataset.generator INFO Generated 27100 samples (17.4/s) | seen 33815 rows | pending=43468 | tigress_fail=16194 gcc_fail=106
2026-02-26 22:29:53,163 neurel_deob.dataset.generator INFO Generated 27200 samples (17.5/s) | seen 33837 rows | pending=43377 | tigress_fail=16245 gcc_fail=106
2026-02-26 22:29:56,673 neurel_deob.dataset.generator INFO Generated 27300 samples (17.5/s) | seen 33904 rows | pending=43373 | tigress_fail=16314 gcc_fail=106
2026-02-26 22:30:04,276 neurel_deob.dataset.generator INFO Generated 27400 samples (17.5/s) | seen 34047 rows | pending=43531 | tigress_fail=16413 gcc_fail=109
2026-02-26 22:30:12,098 neurel_deob.dataset.generator INFO Generated 27500 samples (17.4/s) | seen 34168 rows | pending=43700 | tigress_fail=16480 gcc_fail=109
2026-02-26 22:30:20,527 neurel_deob.dataset.generator INFO Generated 27600 samples (17.4/s) | seen 34313 rows | pending=43889 | tigress_fail=16572 gcc_fail=112
2026-02-26 22:30:29,066 neurel_deob.dataset.generator INFO Generated 27700 samples (17.4/s) | seen 34450 rows | pending=44081 | tigress_fail=16642 gcc_fail=113
2026-02-26 22:30:36,110 neurel_deob.dataset.generator INFO Generated 27800 samples (17.4/s) | seen 34556 rows | pending=44240 | tigress_fail=16677 gcc_fail=113
2026-02-26 22:30:42,997 neurel_deob.dataset.generator INFO Generated 27900 samples (17.4/s) | seen 34673 rows | pending=44378 | tigress_fail=16745 gcc_fail=113
2026-02-26 22:30:50,980 neurel_deob.dataset.generator INFO Generated 28000 samples (17.3/s) | seen 34793 rows | pending=44553 | tigress_fail=16788 gcc_fail=113
2026-02-26 22:30:54,945 neurel_deob.dataset.generator INFO Generated 28100 samples (17.3/s) | seen 34838 rows | pending=44465 | tigress_fail=16872 gcc_fail=113
2026-02-26 22:30:58,027 neurel_deob.dataset.generator INFO Generated 28200 samples (17.4/s) | seen 34891 rows | pending=44469 | tigress_fail=16897 gcc_fail=113
2026-02-26 22:31:05,675 neurel_deob.dataset.generator INFO Generated 28300 samples (17.4/s) | seen 35020 rows | pending=44634 | tigress_fail=16968 gcc_fail=113
2026-02-26 22:31:13,734 neurel_deob.dataset.generator INFO Generated 28400 samples (17.3/s) | seen 35145 rows | pending=44831 | tigress_fail=16998 gcc_fail=113
2026-02-26 22:31:21,787 neurel_deob.dataset.generator INFO Generated 28500 samples (17.3/s) | seen 35280 rows | pending=45009 | tigress_fail=17062 gcc_fail=113
2026-02-26 22:31:29,514 neurel_deob.dataset.generator INFO Generated 28600 samples (17.3/s) | seen 35413 rows | pending=45174 | tigress_fail=17136 gcc_fail=113
2026-02-26 22:31:36,910 neurel_deob.dataset.generator INFO Generated 28700 samples (17.3/s) | seen 35532 rows | pending=45349 | tigress_fail=17176 gcc_fail=113
2026-02-26 22:31:44,993 neurel_deob.dataset.generator INFO Generated 28800 samples (17.2/s) | seen 35669 rows | pending=45511 | tigress_fail=17268 gcc_fail=113
2026-02-26 22:31:53,334 neurel_deob.dataset.generator INFO Generated 28900 samples (17.2/s) | seen 35780 rows | pending=45621 | tigress_fail=17322 gcc_fail=113
2026-02-26 22:31:55,953 neurel_deob.dataset.generator INFO Generated 29000 samples (17.3/s) | seen 35809 rows | pending=45533 | tigress_fail=17379 gcc_fail=113
2026-02-26 22:31:59,172 neurel_deob.dataset.generator INFO Generated 29100 samples (17.3/s) | seen 35860 rows | pending=45535 | tigress_fail=17412 gcc_fail=113
2026-02-26 22:32:06,170 neurel_deob.dataset.generator INFO Generated 29200 samples (17.3/s) | seen 35977 rows | pending=45711 | tigress_fail=17442 gcc_fail=113
