2026-03-17 11:26:30 [INFO] __main__: Device: cuda
2026-03-17 11:26:31 [INFO] __main__: Loading model from jordiae/clang_opt3_ir_optz-ir_optz-2024-01-15-0959-e1bf-bc2b
2026-03-17 11:26:51 [INFO] __main__: Model parameters: 197059584 (197.1M trainable)
2026-03-17 11:26:51 [INFO] neurel_deob.training.data: Resolved pair arm_ir-ir → source=angha_gcc_arm_O0  target=angha_clang_ir_O0
2026-03-17 11:27:04 [INFO] __main__: TensorBoard logging to runs/arm_ir_ir_v3
2026-03-17 11:27:04 [INFO] __main__: Starting training: max_steps=100000  eff_batch=32  lr=5.00e-05
2026-03-17 11:27:04 [INFO] __main__: Starting epoch 1 (streaming) at step 0
Repo card metadata block was not found. Setting CardData to empty.
2026-03-17 11:27:06 [WARNING] huggingface_hub.repocard: Repo card metadata block was not found. Setting CardData to empty.
2026-03-17 11:28:38 [INFO] __main__: step=50  loss=3.8477  lr=5.00e-06  steps/s=0.53
2026-03-17 11:29:57 [INFO] __main__: step=100  loss=1.6565  lr=1.00e-05  steps/s=0.58
2026-03-17 11:31:00 [INFO] __main__: step=150  loss=1.1895  lr=1.50e-05  steps/s=0.64
2026-03-17 11:32:00 [INFO] __main__: step=200  loss=0.9299  lr=2.00e-05  steps/s=0.68
2026-03-17 11:33:01 [INFO] __main__: step=250  loss=0.7683  lr=2.50e-05  steps/s=0.70
2026-03-17 11:34:07 [INFO] __main__: step=300  loss=0.6565  lr=3.00e-05  steps/s=0.71
2026-03-17 11:34:22 [INFO] neurel_deob.training.data: Yielded 10000 samples (skipped 10586)
2026-03-17 11:35:12 [INFO] __main__: step=350  loss=0.5754  lr=3.50e-05  steps/s=0.72
2026-03-17 11:36:11 [INFO] __main__: step=400  loss=0.5217  lr=4.00e-05  steps/s=0.73
2026-03-17 11:37:10 [INFO] __main__: step=450  loss=0.5131  lr=4.50e-05  steps/s=0.74
2026-03-17 11:38:14 [INFO] __main__: step=500  loss=0.4567  lr=5.00e-05  steps/s=0.75
2026-03-17 11:39:19 [INFO] __main__: step=550  loss=0.4344  lr=5.00e-05  steps/s=0.75
2026-03-17 11:40:21 [INFO] __main__: step=600  loss=0.4039  lr=5.00e-05  steps/s=0.75
2026-03-17 11:40:55 [INFO] neurel_deob.training.data: Yielded 20000 samples (skipped 21020)
2026-03-17 11:41:25 [INFO] __main__: step=650  loss=0.3787  lr=5.00e-05  steps/s=0.76
2026-03-17 11:42:31 [INFO] __main__: step=700  loss=0.3393  lr=5.00e-05  steps/s=0.76
2026-03-17 11:43:35 [INFO] __main__: step=750  loss=0.3613  lr=5.00e-05  steps/s=0.76
2026-03-17 11:44:35 [INFO] __main__: step=800  loss=0.3503  lr=5.00e-05  steps/s=0.76
2026-03-17 11:45:44 [INFO] __main__: step=850  loss=0.3368  lr=5.00e-05  steps/s=0.76
2026-03-17 11:46:44 [INFO] __main__: step=900  loss=0.2984  lr=5.00e-05  steps/s=0.76
2026-03-17 11:47:31 [INFO] neurel_deob.training.data: Yielded 30000 samples (skipped 31535)
2026-03-17 11:47:46 [INFO] __main__: step=950  loss=0.3235  lr=5.00e-05  steps/s=0.76
2026-03-17 11:48:53 [INFO] __main__: step=1000  loss=0.2865  lr=5.00e-05  steps/s=0.76
2026-03-17 11:49:54 [INFO] __main__: step=1050  loss=0.3526  lr=5.00e-05  steps/s=0.77
2026-03-17 11:50:53 [INFO] __main__: step=1100  loss=0.3103  lr=5.00e-05  steps/s=0.77
2026-03-17 11:51:53 [INFO] __main__: step=1150  loss=0.3166  lr=5.00e-05  steps/s=0.77
2026-03-17 11:52:59 [INFO] __main__: step=1200  loss=0.2712  lr=5.00e-05  steps/s=0.77
2026-03-17 11:54:00 [INFO] neurel_deob.training.data: Yielded 40000 samples (skipped 42179)
2026-03-17 11:54:00 [INFO] __main__: step=1250  loss=0.2882  lr=5.00e-05  steps/s=0.77
2026-03-17 11:55:05 [INFO] __main__: step=1300  loss=0.2873  lr=5.00e-05  steps/s=0.77
2026-03-17 11:56:12 [INFO] __main__: step=1350  loss=0.2885  lr=5.00e-05  steps/s=0.77
2026-03-17 11:57:25 [INFO] __main__: step=1400  loss=0.2786  lr=5.00e-05  steps/s=0.77
2026-03-17 11:58:33 [INFO] __main__: step=1450  loss=0.2834  lr=5.00e-05  steps/s=0.77
2026-03-17 11:59:32 [INFO] __main__: step=1500  loss=0.2575  lr=5.00e-05  steps/s=0.77
2026-03-17 12:00:43 [INFO] __main__: step=1550  loss=0.2595  lr=5.00e-05  steps/s=0.77
2026-03-17 12:00:59 [INFO] neurel_deob.training.data: Yielded 50000 samples (skipped 52787)
2026-03-17 12:01:46 [INFO] __main__: step=1600  loss=0.2512  lr=5.00e-05  steps/s=0.77
2026-03-17 12:02:53 [INFO] __main__: step=1650  loss=0.2401  lr=5.00e-05  steps/s=0.77
2026-03-17 12:03:54 [INFO] __main__: step=1700  loss=0.2567  lr=5.00e-05  steps/s=0.77
2026-03-17 12:05:00 [INFO] __main__: step=1750  loss=0.2504  lr=5.00e-05  steps/s=0.77
2026-03-17 12:05:59 [INFO] __main__: step=1800  loss=0.2508  lr=5.00e-05  steps/s=0.77
2026-03-17 12:06:57 [INFO] __main__: step=1850  loss=0.2508  lr=5.00e-05  steps/s=0.77
2026-03-17 12:07:30 [INFO] neurel_deob.training.data: Yielded 60000 samples (skipped 63137)
2026-03-17 12:08:02 [INFO] __main__: step=1900  loss=0.2596  lr=5.00e-05  steps/s=0.77
2026-03-17 12:09:03 [INFO] __main__: step=1950  loss=0.2615  lr=5.00e-05  steps/s=0.77
2026-03-17 12:10:05 [INFO] __main__: step=2000  loss=0.2600  lr=5.00e-05  steps/s=0.78
2026-03-17 12:10:05 [INFO] __main__: Running evaluation at step 2000 …
2026-03-17 12:10:05 [INFO] neurel_deob.training.data: Resolved pair arm_ir-ir → source=angha_gcc_arm_O0  target=angha_clang_ir_O0
Repo card metadata block was not found. Setting CardData to empty.
2026-03-17 12:10:06 [WARNING] huggingface_hub.repocard: Repo card metadata block was not found. Setting CardData to empty.
2026-03-17 13:40:50 [INFO] __main__: EVAL step=2000  val_loss=0.0176  BLEU=32.15  NED=0.6677  syntax_valid=0.0%  (n=504)
/net/scratch/n28265ll/forklift/env/lib64/python3.9/site-packages/transformers/modeling_utils.py:3918: UserWarning: Moving the following attributes in the config to the generation config: {'early_stopping': True, 'num_beams': 5, 'forced_bos_token_id': 0}. You are seeing this warning because you've set generation parameters in the model config, as opposed to in the generation config.
  warnings.warn(
2026-03-17 13:41:00 [INFO] __main__: Saved checkpoint at step 2000 → checkpoints/arm_ir_ir_v3/step_2000
2026-03-17 13:42:09 [INFO] __main__: step=2050  loss=0.2366  lr=5.00e-05  steps/s=0.25
2026-03-17 13:43:26 [INFO] __main__: step=2100  loss=0.2253  lr=5.00e-05  steps/s=0.26
2026-03-17 13:44:34 [INFO] __main__: step=2150  loss=0.2453  lr=5.00e-05  steps/s=0.26
2026-03-17 13:45:21 [INFO] neurel_deob.training.data: Yielded 70000 samples (skipped 73794)
2026-03-17 13:45:36 [INFO] __main__: step=2200  loss=0.2344  lr=5.00e-05  steps/s=0.26
2026-03-17 13:46:41 [INFO] __main__: step=2250  loss=0.2484  lr=5.00e-05  steps/s=0.27
2026-03-17 13:47:44 [INFO] __main__: step=2300  loss=0.2379  lr=5.00e-05  steps/s=0.27
2026-03-17 13:48:44 [INFO] __main__: step=2350  loss=0.2353  lr=5.00e-05  steps/s=0.28
2026-03-17 13:49:45 [INFO] __main__: step=2400  loss=0.2335  lr=5.00e-05  steps/s=0.28
2026-03-17 13:51:11 [INFO] __main__: step=2450  loss=0.2285  lr=5.00e-05  steps/s=0.28
2026-03-17 13:52:11 [INFO] neurel_deob.training.data: Yielded 80000 samples (skipped 84143)
2026-03-17 13:52:11 [INFO] __main__: step=2500  loss=0.2443  lr=5.00e-05  steps/s=0.29
2026-03-17 13:53:12 [INFO] __main__: step=2550  loss=0.2447  lr=4.99e-05  steps/s=0.29
2026-03-17 13:54:13 [INFO] __main__: step=2600  loss=0.2561  lr=4.99e-05  steps/s=0.29
2026-03-17 13:55:15 [INFO] __main__: step=2650  loss=0.2332  lr=4.99e-05  steps/s=0.30
2026-03-17 13:56:25 [INFO] __main__: step=2700  loss=0.2625  lr=4.99e-05  steps/s=0.30
2026-03-17 13:57:29 [INFO] __main__: step=2750  loss=0.2193  lr=4.99e-05  steps/s=0.30
2026-03-17 13:58:32 [INFO] __main__: step=2800  loss=0.2215  lr=4.99e-05  steps/s=0.31
2026-03-17 13:58:48 [INFO] neurel_deob.training.data: Yielded 90000 samples (skipped 94351)
2026-03-17 13:59:35 [INFO] __main__: step=2850  loss=0.2159  lr=4.99e-05  steps/s=0.31
2026-03-17 14:00:42 [INFO] __main__: step=2900  loss=0.2289  lr=4.99e-05  steps/s=0.31
2026-03-17 14:01:48 [INFO] __main__: step=2950  loss=0.2290  lr=4.99e-05  steps/s=0.32
2026-03-17 14:03:03 [INFO] __main__: step=3000  loss=0.2404  lr=4.99e-05  steps/s=0.32
2026-03-17 14:04:08 [INFO] __main__: step=3050  loss=0.2262  lr=4.99e-05  steps/s=0.32
2026-03-17 14:05:08 [INFO] __main__: step=3100  loss=0.2359  lr=4.99e-05  steps/s=0.33
2026-03-17 14:05:37 [INFO] neurel_deob.training.data: Yielded 100000 samples (skipped 105014)
2026-03-17 14:06:07 [INFO] __main__: step=3150  loss=0.2273  lr=4.99e-05  steps/s=0.33
2026-03-17 14:07:09 [INFO] __main__: step=3200  loss=0.2240  lr=4.99e-05  steps/s=0.33
2026-03-17 14:08:14 [INFO] __main__: step=3250  loss=0.2199  lr=4.99e-05  steps/s=0.34
2026-03-17 14:09:16 [INFO] __main__: step=3300  loss=0.2434  lr=4.99e-05  steps/s=0.34
2026-03-17 14:10:16 [INFO] __main__: step=3350  loss=0.2189  lr=4.99e-05  steps/s=0.34
2026-03-17 14:11:22 [INFO] __main__: step=3400  loss=0.2030  lr=4.99e-05  steps/s=0.34
2026-03-17 14:12:07 [INFO] neurel_deob.training.data: Yielded 110000 samples (skipped 115676)
2026-03-17 14:12:22 [INFO] __main__: step=3450  loss=0.2187  lr=4.99e-05  steps/s=0.35
2026-03-17 14:13:22 [INFO] __main__: step=3500  loss=0.1994  lr=4.99e-05  steps/s=0.35
2026-03-17 14:14:25 [INFO] __main__: step=3550  loss=0.2088  lr=4.99e-05  steps/s=0.35
2026-03-17 14:15:35 [INFO] __main__: step=3600  loss=0.2239  lr=4.99e-05  steps/s=0.36
2026-03-17 14:16:38 [INFO] __main__: step=3650  loss=0.2280  lr=4.99e-05  steps/s=0.36
2026-03-17 14:17:45 [INFO] __main__: step=3700  loss=0.2228  lr=4.99e-05  steps/s=0.36
2026-03-17 14:19:00 [INFO] neurel_deob.training.data: Yielded 120000 samples (skipped 126432)
2026-03-17 14:19:00 [INFO] __main__: step=3750  loss=0.2058  lr=4.99e-05  steps/s=0.36
2026-03-17 14:20:08 [INFO] __main__: step=3800  loss=0.2278  lr=4.99e-05  steps/s=0.37
2026-03-17 14:21:16 [INFO] __main__: step=3850  loss=0.2212  lr=4.99e-05  steps/s=0.37
2026-03-17 14:22:16 [INFO] __main__: step=3900  loss=0.2004  lr=4.99e-05  steps/s=0.37
2026-03-17 14:23:18 [INFO] __main__: step=3950  loss=0.2308  lr=4.99e-05  steps/s=0.37
2026-03-17 14:24:18 [INFO] __main__: step=4000  loss=0.2043  lr=4.98e-05  steps/s=0.38
2026-03-17 14:24:18 [INFO] __main__: Running evaluation at step 4000 …
2026-03-17 14:24:18 [INFO] neurel_deob.training.data: Resolved pair arm_ir-ir → source=angha_gcc_arm_O0  target=angha_clang_ir_O0
Repo card metadata block was not found. Setting CardData to empty.
2026-03-17 14:24:20 [WARNING] huggingface_hub.repocard: Repo card metadata block was not found. Setting CardData to empty.
2026-03-17 16:17:01 [INFO] __main__: EVAL step=4000  val_loss=0.0137  BLEU=28.16  NED=0.6655  syntax_valid=0.0%  (n=504)
2026-03-17 16:17:08 [INFO] __main__: Saved checkpoint at step 4000 → checkpoints/arm_ir_ir_v3/step_4000
2026-03-17 16:18:35 [INFO] __main__: step=4050  loss=0.2083  lr=4.98e-05  steps/s=0.23
2026-03-17 16:18:51 [INFO] neurel_deob.training.data: Yielded 130000 samples (skipped 136879)
2026-03-17 16:19:41 [INFO] __main__: step=4100  loss=0.2011  lr=4.98e-05  steps/s=0.23
2026-03-17 16:20:46 [INFO] __main__: step=4150  loss=0.2164  lr=4.98e-05  steps/s=0.24
2026-03-17 16:21:50 [INFO] __main__: step=4200  loss=0.2048  lr=4.98e-05  steps/s=0.24
2026-03-17 16:23:00 [INFO] __main__: step=4250  loss=0.2127  lr=4.98e-05  steps/s=0.24
2026-03-17 16:24:07 [INFO] __main__: step=4300  loss=0.2155  lr=4.98e-05  steps/s=0.24
2026-03-17 16:25:08 [INFO] __main__: step=4350  loss=0.2192  lr=4.98e-05  steps/s=0.24
2026-03-17 16:25:43 [INFO] neurel_deob.training.data: Yielded 140000 samples (skipped 147388)
2026-03-17 16:26:18 [INFO] __main__: step=4400  loss=0.2282  lr=4.98e-05  steps/s=0.25
2026-03-17 16:27:16 [INFO] __main__: step=4450  loss=0.2227  lr=4.98e-05  steps/s=0.25
2026-03-17 16:28:15 [INFO] __main__: step=4500  loss=0.2227  lr=4.98e-05  steps/s=0.25
2026-03-17 16:29:19 [INFO] __main__: step=4550  loss=0.2233  lr=4.98e-05  steps/s=0.25
2026-03-17 16:30:20 [INFO] __main__: step=4600  loss=0.1904  lr=4.98e-05  steps/s=0.25
2026-03-17 16:31:21 [INFO] __main__: step=4650  loss=0.2035  lr=4.98e-05  steps/s=0.25
2026-03-17 16:32:04 [INFO] neurel_deob.training.data: Yielded 150000 samples (skipped 157726)
2026-03-17 16:32:21 [INFO] __main__: step=4700  loss=0.2059  lr=4.98e-05  steps/s=0.26
2026-03-17 16:33:18 [INFO] __main__: step=4750  loss=0.1945  lr=4.98e-05  steps/s=0.26
2026-03-17 16:34:23 [INFO] __main__: step=4800  loss=0.2064  lr=4.98e-05  steps/s=0.26
2026-03-17 16:35:23 [INFO] __main__: step=4850  loss=0.2009  lr=4.98e-05  steps/s=0.26
2026-03-17 16:36:25 [INFO] __main__: step=4900  loss=0.1959  lr=4.98e-05  steps/s=0.26
2026-03-17 16:37:26 [INFO] __main__: step=4950  loss=0.1890  lr=4.98e-05  steps/s=0.27
2026-03-17 16:38:29 [INFO] neurel_deob.training.data: Yielded 160000 samples (skipped 168092)
2026-03-17 16:38:29 [INFO] __main__: step=5000  loss=0.2165  lr=4.97e-05  steps/s=0.27
2026-03-17 16:39:32 [INFO] __main__: step=5050  loss=0.1931  lr=4.97e-05  steps/s=0.27
2026-03-17 16:40:41 [INFO] __main__: step=5100  loss=0.1872  lr=4.97e-05  steps/s=0.27
2026-03-17 16:41:45 [INFO] __main__: step=5150  loss=0.1945  lr=4.97e-05  steps/s=0.27
2026-03-17 16:42:50 [INFO] __main__: step=5200  loss=0.1939  lr=4.97e-05  steps/s=0.27
2026-03-17 16:43:48 [INFO] __main__: step=5250  loss=0.2015  lr=4.97e-05  steps/s=0.28
2026-03-17 16:44:54 [INFO] __main__: step=5300  loss=0.2086  lr=4.97e-05  steps/s=0.28
2026-03-17 16:45:06 [INFO] neurel_deob.training.data: Yielded 170000 samples (skipped 178652)
2026-03-17 16:45:55 [INFO] __main__: step=5350  loss=0.1925  lr=4.97e-05  steps/s=0.28
2026-03-17 16:46:57 [INFO] __main__: step=5400  loss=0.2090  lr=4.97e-05  steps/s=0.28
2026-03-17 16:48:02 [INFO] __main__: step=5450  loss=0.2091  lr=4.97e-05  steps/s=0.28
2026-03-17 16:49:16 [INFO] __main__: step=5500  loss=0.1861  lr=4.97e-05  steps/s=0.28
2026-03-17 16:50:13 [INFO] __main__: step=5550  loss=0.2080  lr=4.97e-05  steps/s=0.29
2026-03-17 16:51:24 [INFO] __main__: step=5600  loss=0.1958  lr=4.97e-05  steps/s=0.29
2026-03-17 16:52:03 [INFO] neurel_deob.training.data: Yielded 180000 samples (skipped 188988)
2026-03-17 16:52:35 [INFO] __main__: step=5650  loss=0.2029  lr=4.97e-05  steps/s=0.29
2026-03-17 16:53:45 [INFO] __main__: step=5700  loss=0.1927  lr=4.97e-05  steps/s=0.29
2026-03-17 16:54:50 [INFO] __main__: step=5750  loss=0.1861  lr=4.97e-05  steps/s=0.29
2026-03-17 16:55:53 [INFO] __main__: step=5800  loss=0.2120  lr=4.97e-05  steps/s=0.29
2026-03-17 16:56:58 [INFO] __main__: step=5850  loss=0.1944  lr=4.96e-05  steps/s=0.30
2026-03-17 16:58:04 [INFO] __main__: step=5900  loss=0.2064  lr=4.96e-05  steps/s=0.30
2026-03-17 16:58:48 [INFO] neurel_deob.training.data: Yielded 190000 samples (skipped 199462)
2026-03-17 16:59:06 [INFO] __main__: step=5950  loss=0.1887  lr=4.96e-05  steps/s=0.30
2026-03-17 17:00:08 [INFO] __main__: step=6000  loss=0.2050  lr=4.96e-05  steps/s=0.30
2026-03-17 17:00:08 [INFO] __main__: Running evaluation at step 6000 …
2026-03-17 17:00:08 [INFO] neurel_deob.training.data: Resolved pair arm_ir-ir → source=angha_gcc_arm_O0  target=angha_clang_ir_O0
Repo card metadata block was not found. Setting CardData to empty.
2026-03-17 17:00:11 [WARNING] huggingface_hub.repocard: Repo card metadata block was not found. Setting CardData to empty.
2026-03-17 19:21:26 [INFO] __main__: EVAL step=6000  val_loss=0.0136  BLEU=22.43  NED=0.6875  syntax_valid=0.0%  (n=504)
2026-03-17 19:21:31 [INFO] __main__: Saved checkpoint at step 6000 → checkpoints/arm_ir_ir_v3/step_6000
2026-03-17 19:22:41 [INFO] __main__: step=6050  loss=0.1993  lr=4.96e-05  steps/s=0.21
2026-03-17 19:23:48 [INFO] __main__: step=6100  loss=0.2074  lr=4.96e-05  steps/s=0.21
2026-03-17 19:25:05 [INFO] __main__: step=6150  loss=0.2051  lr=4.96e-05  steps/s=0.21
2026-03-17 19:26:14 [INFO] __main__: step=6200  loss=0.2006  lr=4.96e-05  steps/s=0.22
2026-03-17 19:27:16 [INFO] neurel_deob.training.data: Yielded 200000 samples (skipped 209887)
2026-03-17 19:27:16 [INFO] __main__: step=6250  loss=0.1796  lr=4.96e-05  steps/s=0.22
2026-03-17 19:28:22 [INFO] __main__: step=6300  loss=0.1900  lr=4.96e-05  steps/s=0.22
2026-03-17 19:29:30 [INFO] __main__: step=6350  loss=0.1976  lr=4.96e-05  steps/s=0.22
2026-03-17 19:30:35 [INFO] __main__: step=6400  loss=0.1977  lr=4.96e-05  steps/s=0.22
2026-03-17 19:31:56 [INFO] __main__: step=6450  loss=0.1940  lr=4.96e-05  steps/s=0.22
2026-03-17 19:33:00 [INFO] __main__: step=6500  loss=0.2021  lr=4.96e-05  steps/s=0.22
2026-03-17 19:33:57 [INFO] __main__: step=6550  loss=0.1905  lr=4.95e-05  steps/s=0.22
2026-03-17 19:34:11 [INFO] neurel_deob.training.data: Yielded 210000 samples (skipped 220409)
2026-03-17 19:35:02 [INFO] __main__: step=6600  loss=0.2002  lr=4.95e-05  steps/s=0.23
2026-03-17 19:36:01 [INFO] __main__: step=6650  loss=0.1903  lr=4.95e-05  steps/s=0.23
2026-03-17 19:37:04 [INFO] __main__: step=6700  loss=0.1820  lr=4.95e-05  steps/s=0.23
2026-03-17 19:38:07 [INFO] __main__: step=6750  loss=0.1940  lr=4.95e-05  steps/s=0.23
2026-03-17 19:39:18 [INFO] __main__: step=6800  loss=0.1876  lr=4.95e-05  steps/s=0.23
2026-03-17 19:40:25 [INFO] __main__: step=6850  loss=0.1769  lr=4.95e-05  steps/s=0.23
2026-03-17 19:40:56 [INFO] neurel_deob.training.data: Yielded 220000 samples (skipped 231148)
2026-03-17 19:41:27 [INFO] __main__: step=6900  loss=0.1944  lr=4.95e-05  steps/s=0.23
2026-03-17 19:42:27 [INFO] __main__: step=6950  loss=0.1815  lr=4.95e-05  steps/s=0.23
2026-03-17 19:43:35 [INFO] __main__: step=7000  loss=0.1775  lr=4.95e-05  steps/s=0.23
2026-03-17 19:44:33 [INFO] __main__: step=7050  loss=0.1995  lr=4.95e-05  steps/s=0.24
2026-03-17 19:45:52 [INFO] __main__: step=7100  loss=0.1922  lr=4.95e-05  steps/s=0.24
2026-03-17 19:46:54 [INFO] __main__: step=7150  loss=0.1779  lr=4.95e-05  steps/s=0.24
2026-03-17 19:47:40 [INFO] neurel_deob.training.data: Yielded 230000 samples (skipped 241501)
2026-03-17 19:47:57 [INFO] __main__: step=7200  loss=0.2057  lr=4.94e-05  steps/s=0.24
2026-03-17 19:48:56 [INFO] __main__: step=7250  loss=0.1867  lr=4.94e-05  steps/s=0.24
2026-03-17 19:49:55 [INFO] __main__: step=7300  loss=0.1967  lr=4.94e-05  steps/s=0.24
2026-03-17 19:51:04 [INFO] __main__: step=7350  loss=0.1973  lr=4.94e-05  steps/s=0.24
2026-03-17 19:52:17 [INFO] __main__: step=7400  loss=0.1771  lr=4.94e-05  steps/s=0.24
2026-03-17 19:53:20 [INFO] __main__: step=7450  loss=0.1766  lr=4.94e-05  steps/s=0.25
2026-03-17 19:54:18 [INFO] neurel_deob.training.data: Yielded 240000 samples (skipped 251920)
2026-03-17 19:54:18 [INFO] __main__: step=7500  loss=0.1681  lr=4.94e-05  steps/s=0.25
2026-03-17 19:55:17 [INFO] __main__: step=7550  loss=0.1903  lr=4.94e-05  steps/s=0.25
2026-03-17 19:56:18 [INFO] __main__: step=7600  loss=0.2068  lr=4.94e-05  steps/s=0.25
2026-03-17 19:57:28 [INFO] __main__: step=7650  loss=0.1941  lr=4.94e-05  steps/s=0.25
2026-03-17 19:58:33 [INFO] __main__: step=7700  loss=0.1910  lr=4.94e-05  steps/s=0.25
2026-03-17 19:59:35 [INFO] __main__: step=7750  loss=0.1905  lr=4.93e-05  steps/s=0.25
2026-03-17 20:00:36 [INFO] __main__: step=7800  loss=0.1694  lr=4.93e-05  steps/s=0.25
2026-03-17 20:00:52 [INFO] neurel_deob.training.data: Yielded 250000 samples (skipped 262320)
2026-03-17 20:01:36 [INFO] __main__: step=7850  loss=0.1819  lr=4.93e-05  steps/s=0.25
2026-03-17 20:02:37 [INFO] __main__: step=7900  loss=0.1865  lr=4.93e-05  steps/s=0.26
2026-03-17 20:03:48 [INFO] __main__: step=7950  loss=0.1755  lr=4.93e-05  steps/s=0.26
2026-03-17 20:04:53 [INFO] __main__: step=8000  loss=0.2075  lr=4.93e-05  steps/s=0.26
2026-03-17 20:04:53 [INFO] __main__: Running evaluation at step 8000 …
2026-03-17 20:04:53 [INFO] neurel_deob.training.data: Resolved pair arm_ir-ir → source=angha_gcc_arm_O0  target=angha_clang_ir_O0
Repo card metadata block was not found. Setting CardData to empty.
2026-03-17 20:04:55 [WARNING] huggingface_hub.repocard: Repo card metadata block was not found. Setting CardData to empty.
2026-03-17 21:09:56 [INFO] __main__: EVAL step=8000  val_loss=0.0119  BLEU=28.95  NED=0.6594  syntax_valid=0.0%  (n=504)
2026-03-17 21:10:02 [INFO] __main__: Saved checkpoint at step 8000 → checkpoints/arm_ir_ir_v3/step_8000
2026-03-17 21:11:13 [INFO] __main__: step=8050  loss=0.1865  lr=4.93e-05  steps/s=0.23
2026-03-17 21:12:17 [INFO] __main__: step=8100  loss=0.1740  lr=4.93e-05  steps/s=0.23
2026-03-17 21:12:51 [INFO] neurel_deob.training.data: Yielded 260000 samples (skipped 272679)
2026-03-17 21:13:21 [INFO] __main__: step=8150  loss=0.1861  lr=4.93e-05  steps/s=0.23
2026-03-17 21:14:29 [INFO] __main__: step=8200  loss=0.1722  lr=4.93e-05  steps/s=0.23
2026-03-17 21:15:36 [INFO] __main__: step=8250  loss=0.1820  lr=4.93e-05  steps/s=0.23
2026-03-17 21:16:36 [INFO] __main__: step=8300  loss=0.1788  lr=4.92e-05  steps/s=0.23
2026-03-17 21:17:49 [INFO] __main__: step=8350  loss=0.1702  lr=4.92e-05  steps/s=0.24
2026-03-17 21:18:53 [INFO] __main__: step=8400  loss=0.1816  lr=4.92e-05  steps/s=0.24
2026-03-17 21:19:46 [INFO] neurel_deob.training.data: Yielded 270000 samples (skipped 283332)
2026-03-17 21:20:02 [INFO] __main__: step=8450  loss=0.1703  lr=4.92e-05  steps/s=0.24
2026-03-17 21:21:04 [INFO] __main__: step=8500  loss=0.1678  lr=4.92e-05  steps/s=0.24
2026-03-17 21:22:16 [INFO] __main__: step=8550  loss=0.1772  lr=4.92e-05  steps/s=0.24
2026-03-17 21:23:20 [INFO] __main__: step=8600  loss=0.1886  lr=4.92e-05  steps/s=0.24
2026-03-17 21:24:19 [INFO] __main__: step=8650  loss=0.1777  lr=4.92e-05  steps/s=0.24
2026-03-17 21:25:25 [INFO] __main__: step=8700  loss=0.1794  lr=4.92e-05  steps/s=0.24
2026-03-17 21:26:30 [INFO] neurel_deob.training.data: Yielded 280000 samples (skipped 294015)
2026-03-17 21:26:30 [INFO] __main__: step=8750  loss=0.1851  lr=4.92e-05  steps/s=0.24
2026-03-17 21:27:29 [INFO] __main__: step=8800  loss=0.1712  lr=4.91e-05  steps/s=0.24
2026-03-17 21:28:27 [INFO] __main__: step=8850  loss=0.1657  lr=4.91e-05  steps/s=0.25
2026-03-17 21:29:29 [INFO] __main__: step=8900  loss=0.1630  lr=4.91e-05  steps/s=0.25
2026-03-17 21:30:29 [INFO] __main__: step=8950  loss=0.1690  lr=4.91e-05  steps/s=0.25
2026-03-17 21:31:35 [INFO] __main__: step=9000  loss=0.1932  lr=4.91e-05  steps/s=0.25
2026-03-17 21:32:36 [INFO] __main__: step=9050  loss=0.1835  lr=4.91e-05  steps/s=0.25
2026-03-17 21:32:52 [INFO] neurel_deob.training.data: Yielded 290000 samples (skipped 304406)
2026-03-17 21:33:37 [INFO] __main__: step=9100  loss=0.1855  lr=4.91e-05  steps/s=0.25
2026-03-17 21:34:38 [INFO] __main__: step=9150  loss=0.1814  lr=4.91e-05  steps/s=0.25
2026-03-17 21:35:45 [INFO] __main__: step=9200  loss=0.1661  lr=4.91e-05  steps/s=0.25
2026-03-17 21:36:49 [INFO] __main__: step=9250  loss=0.1730  lr=4.91e-05  steps/s=0.25
2026-03-17 21:37:51 [INFO] __main__: step=9300  loss=0.1622  lr=4.90e-05  steps/s=0.25
2026-03-17 21:38:56 [INFO] __main__: step=9350  loss=0.1649  lr=4.90e-05  steps/s=0.25
2026-03-17 21:39:27 [INFO] neurel_deob.training.data: Yielded 300000 samples (skipped 314861)
2026-03-17 21:39:58 [INFO] __main__: step=9400  loss=0.1744  lr=4.90e-05  steps/s=0.26
2026-03-17 21:41:03 [INFO] __main__: step=9450  loss=0.1683  lr=4.90e-05  steps/s=0.26
2026-03-17 21:42:08 [INFO] __main__: step=9500  loss=0.1705  lr=4.90e-05  steps/s=0.26
2026-03-17 21:43:12 [INFO] __main__: step=9550  loss=0.1742  lr=4.90e-05  steps/s=0.26
2026-03-17 21:44:12 [INFO] __main__: step=9600  loss=0.1712  lr=4.90e-05  steps/s=0.26
2026-03-17 21:45:18 [INFO] __main__: step=9650  loss=0.1704  lr=4.90e-05  steps/s=0.26
2026-03-17 21:46:07 [INFO] neurel_deob.training.data: Yielded 310000 samples (skipped 325559)
2026-03-17 21:46:22 [INFO] __main__: step=9700  loss=0.1688  lr=4.90e-05  steps/s=0.26
2026-03-17 21:47:23 [INFO] __main__: step=9750  loss=0.1795  lr=4.89e-05  steps/s=0.26
2026-03-17 21:48:30 [INFO] __main__: step=9800  loss=0.1684  lr=4.89e-05  steps/s=0.26
2026-03-17 21:49:34 [INFO] __main__: step=9850  loss=0.1685  lr=4.89e-05  steps/s=0.26
2026-03-17 21:50:41 [INFO] __main__: step=9900  loss=0.1795  lr=4.89e-05  steps/s=0.26
2026-03-17 21:51:48 [INFO] __main__: step=9950  loss=0.1744  lr=4.89e-05  steps/s=0.27
2026-03-17 21:52:50 [INFO] neurel_deob.training.data: Yielded 320000 samples (skipped 336070)
2026-03-17 21:52:51 [INFO] __main__: step=10000  loss=0.1688  lr=4.89e-05  steps/s=0.27
2026-03-17 21:52:51 [INFO] __main__: Running evaluation at step 10000 …
2026-03-17 21:52:51 [INFO] neurel_deob.training.data: Resolved pair arm_ir-ir → source=angha_gcc_arm_O0  target=angha_clang_ir_O0
Repo card metadata block was not found. Setting CardData to empty.
2026-03-17 21:52:52 [WARNING] huggingface_hub.repocard: Repo card metadata block was not found. Setting CardData to empty.
2026-03-18 00:16:26 [INFO] __main__: EVAL step=10000  val_loss=0.0112  BLEU=20.27  NED=0.7114  syntax_valid=0.0%  (n=504)
2026-03-18 00:16:36 [INFO] __main__: Saved checkpoint at step 10000 → checkpoints/arm_ir_ir_v3/step_10000
2026-03-18 00:17:59 [INFO] __main__: step=10050  loss=0.1778  lr=4.89e-05  steps/s=0.22
2026-03-18 00:19:01 [INFO] __main__: step=10100  loss=0.1627  lr=4.89e-05  steps/s=0.22
2026-03-18 00:20:01 [INFO] __main__: step=10150  loss=0.1700  lr=4.88e-05  steps/s=0.22
2026-03-18 00:21:08 [INFO] __main__: step=10200  loss=0.1662  lr=4.88e-05  steps/s=0.22
2026-03-18 00:22:09 [INFO] __main__: step=10250  loss=0.1663  lr=4.88e-05  steps/s=0.22
2026-03-18 00:23:18 [INFO] __main__: step=10300  loss=0.1675  lr=4.88e-05  steps/s=0.22
2026-03-18 00:23:33 [INFO] neurel_deob.training.data: Yielded 330000 samples (skipped 346593)
2026-03-18 00:24:17 [INFO] __main__: step=10350  loss=0.1660  lr=4.88e-05  steps/s=0.22
2026-03-18 00:25:17 [INFO] __main__: step=10400  loss=0.1816  lr=4.88e-05  steps/s=0.22
2026-03-18 00:26:29 [INFO] __main__: step=10450  loss=0.1778  lr=4.88e-05  steps/s=0.22
2026-03-18 00:27:41 [INFO] __main__: step=10500  loss=0.1650  lr=4.88e-05  steps/s=0.22
2026-03-18 00:28:50 [INFO] __main__: step=10550  loss=0.1723  lr=4.88e-05  steps/s=0.22
2026-03-18 00:29:56 [INFO] __main__: step=10600  loss=0.1717  lr=4.87e-05  steps/s=0.23
2026-03-18 00:30:27 [INFO] neurel_deob.training.data: Yielded 340000 samples (skipped 357035)
2026-03-18 00:30:59 [INFO] __main__: step=10650  loss=0.1749  lr=4.87e-05  steps/s=0.23
2026-03-18 00:32:08 [INFO] __main__: step=10700  loss=0.1743  lr=4.87e-05  steps/s=0.23
2026-03-18 00:33:11 [INFO] __main__: step=10750  loss=0.1718  lr=4.87e-05  steps/s=0.23
2026-03-18 00:34:22 [INFO] __main__: step=10800  loss=0.1667  lr=4.87e-05  steps/s=0.23
2026-03-18 00:35:28 [INFO] __main__: step=10850  loss=0.1758  lr=4.87e-05  steps/s=0.23
2026-03-18 00:36:46 [INFO] __main__: step=10900  loss=0.1807  lr=4.87e-05  steps/s=0.23
2026-03-18 00:37:35 [INFO] neurel_deob.training.data: Yielded 350000 samples (skipped 367590)
2026-03-18 00:37:49 [INFO] __main__: step=10950  loss=0.1751  lr=4.87e-05  steps/s=0.23
2026-03-18 00:39:00 [INFO] __main__: step=11000  loss=0.1988  lr=4.86e-05  steps/s=0.23
2026-03-18 00:40:06 [INFO] __main__: step=11050  loss=0.1585  lr=4.86e-05  steps/s=0.23
2026-03-18 00:41:10 [INFO] __main__: step=11100  loss=0.1753  lr=4.86e-05  steps/s=0.23
2026-03-18 00:42:17 [INFO] __main__: step=11150  loss=0.1583  lr=4.86e-05  steps/s=0.23
2026-03-18 00:43:18 [INFO] __main__: step=11200  loss=0.1865  lr=4.86e-05  steps/s=0.23
2026-03-18 00:44:15 [INFO] neurel_deob.training.data: Yielded 360000 samples (skipped 378126)
2026-03-18 00:44:15 [INFO] __main__: step=11250  loss=0.1691  lr=4.86e-05  steps/s=0.24
2026-03-18 00:45:15 [INFO] __main__: step=11300  loss=0.1646  lr=4.86e-05  steps/s=0.24
2026-03-18 00:46:16 [INFO] __main__: step=11350  loss=0.1597  lr=4.85e-05  steps/s=0.24
2026-03-18 00:47:19 [INFO] __main__: step=11400  loss=0.1572  lr=4.85e-05  steps/s=0.24
2026-03-18 00:48:23 [INFO] __main__: step=11450  loss=0.1701  lr=4.85e-05  steps/s=0.24
2026-03-18 00:49:24 [INFO] __main__: step=11500  loss=0.1812  lr=4.85e-05  steps/s=0.24
2026-03-18 00:50:27 [INFO] __main__: step=11550  loss=0.1786  lr=4.85e-05  steps/s=0.24
2026-03-18 00:50:44 [INFO] neurel_deob.training.data: Yielded 370000 samples (skipped 388546)
2026-03-18 00:51:32 [INFO] __main__: step=11600  loss=0.1643  lr=4.85e-05  steps/s=0.24
2026-03-18 00:52:33 [INFO] __main__: step=11650  loss=0.1677  lr=4.85e-05  steps/s=0.24
2026-03-18 00:53:31 [INFO] __main__: step=11700  loss=0.1570  lr=4.85e-05  steps/s=0.24
2026-03-18 00:54:30 [INFO] __main__: step=11750  loss=0.1709  lr=4.84e-05  steps/s=0.24
2026-03-18 00:55:31 [INFO] __main__: step=11800  loss=0.1580  lr=4.84e-05  steps/s=0.24
2026-03-18 00:56:33 [INFO] __main__: step=11850  loss=0.1734  lr=4.84e-05  steps/s=0.24
2026-03-18 00:57:02 [INFO] neurel_deob.training.data: Yielded 380000 samples (skipped 399002)
2026-03-18 00:57:36 [INFO] __main__: step=11900  loss=0.1646  lr=4.84e-05  steps/s=0.24
2026-03-18 00:58:46 [INFO] __main__: step=11950  loss=0.1583  lr=4.84e-05  steps/s=0.25
2026-03-18 00:59:53 [INFO] __main__: step=12000  loss=0.1578  lr=4.84e-05  steps/s=0.25
2026-03-18 00:59:53 [INFO] __main__: Running evaluation at step 12000 …
2026-03-18 00:59:53 [INFO] neurel_deob.training.data: Resolved pair arm_ir-ir → source=angha_gcc_arm_O0  target=angha_clang_ir_O0
Repo card metadata block was not found. Setting CardData to empty.
2026-03-18 00:59:55 [WARNING] huggingface_hub.repocard: Repo card metadata block was not found. Setting CardData to empty.
2026-03-18 03:21:25 [INFO] __main__: EVAL step=12000  val_loss=0.0101  BLEU=23.51  NED=0.6685  syntax_valid=0.0%  (n=504)
2026-03-18 03:21:30 [INFO] __main__: Saved checkpoint at step 12000 → checkpoints/arm_ir_ir_v3/step_12000
2026-03-18 03:21:30 [INFO] __main__: Pruning old checkpoint checkpoints/arm_ir_ir_v3/step_2000
2026-03-18 03:22:35 [INFO] __main__: step=12050  loss=0.1493  lr=4.84e-05  steps/s=0.21
2026-03-18 03:23:43 [INFO] __main__: step=12100  loss=0.1628  lr=4.83e-05  steps/s=0.21
2026-03-18 03:24:45 [INFO] __main__: step=12150  loss=0.1573  lr=4.83e-05  steps/s=0.21
2026-03-18 03:25:30 [INFO] neurel_deob.training.data: Yielded 390000 samples (skipped 409676)
2026-03-18 03:25:52 [INFO] __main__: step=12200  loss=0.1728  lr=4.83e-05  steps/s=0.21
2026-03-18 03:26:52 [INFO] __main__: step=12250  loss=0.1558  lr=4.83e-05  steps/s=0.21
2026-03-18 03:27:54 [INFO] __main__: step=12300  loss=0.1566  lr=4.83e-05  steps/s=0.21
2026-03-18 03:28:59 [INFO] __main__: step=12350  loss=0.1734  lr=4.83e-05  steps/s=0.21
2026-03-18 03:29:55 [INFO] __main__: step=12400  loss=0.1643  lr=4.83e-05  steps/s=0.21
2026-03-18 03:30:58 [INFO] __main__: step=12450  loss=0.1521  lr=4.82e-05  steps/s=0.22
2026-03-18 03:31:59 [INFO] neurel_deob.training.data: Yielded 400000 samples (skipped 420302)
2026-03-18 03:32:00 [INFO] __main__: step=12500  loss=0.1581  lr=4.82e-05  steps/s=0.22
2026-03-18 03:33:03 [INFO] __main__: step=12550  loss=0.1606  lr=4.82e-05  steps/s=0.22
2026-03-18 03:34:14 [INFO] __main__: step=12600  loss=0.1725  lr=4.82e-05  steps/s=0.22
2026-03-18 03:35:15 [INFO] __main__: step=12650  loss=0.1665  lr=4.82e-05  steps/s=0.22
2026-03-18 03:36:16 [INFO] __main__: step=12700  loss=0.1686  lr=4.82e-05  steps/s=0.22
2026-03-18 03:37:13 [INFO] __main__: step=12750  loss=0.1667  lr=4.82e-05  steps/s=0.22
2026-03-18 03:38:19 [INFO] __main__: step=12800  loss=0.1716  lr=4.81e-05  steps/s=0.22
2026-03-18 03:38:35 [INFO] neurel_deob.training.data: Yielded 410000 samples (skipped 430786)
2026-03-18 03:39:23 [INFO] __main__: step=12850  loss=0.1713  lr=4.81e-05  steps/s=0.22
2026-03-18 03:40:24 [INFO] __main__: step=12900  loss=0.1648  lr=4.81e-05  steps/s=0.22
2026-03-18 03:41:27 [INFO] __main__: step=12950  loss=0.1502  lr=4.81e-05  steps/s=0.22
2026-03-18 03:42:24 [INFO] __main__: step=13000  loss=0.1557  lr=4.81e-05  steps/s=0.22
2026-03-18 03:43:34 [INFO] __main__: step=13050  loss=0.1638  lr=4.81e-05  steps/s=0.22
2026-03-18 03:45:07 [INFO] __main__: step=13100  loss=0.1621  lr=4.80e-05  steps/s=0.22
2026-03-18 03:45:38 [INFO] neurel_deob.training.data: Yielded 420000 samples (skipped 441208)
2026-03-18 03:46:12 [INFO] __main__: step=13150  loss=0.1721  lr=4.80e-05  steps/s=0.22
2026-03-18 03:47:22 [INFO] __main__: step=13200  loss=0.1720  lr=4.80e-05  steps/s=0.22
2026-03-18 03:48:29 [INFO] __main__: step=13250  loss=0.1606  lr=4.80e-05  steps/s=0.23
2026-03-18 03:49:40 [INFO] __main__: step=13300  loss=0.1674  lr=4.80e-05  steps/s=0.23
2026-03-18 03:50:44 [INFO] __main__: step=13350  loss=0.1549  lr=4.80e-05  steps/s=0.23
2026-03-18 03:51:43 [INFO] __main__: step=13400  loss=0.1603  lr=4.80e-05  steps/s=0.23
2026-03-18 03:52:26 [INFO] neurel_deob.training.data: Yielded 430000 samples (skipped 451668)
2026-03-18 03:52:44 [INFO] __main__: step=13450  loss=0.1775  lr=4.79e-05  steps/s=0.23
2026-03-18 03:53:45 [INFO] __main__: step=13500  loss=0.1668  lr=4.79e-05  steps/s=0.23
2026-03-18 03:54:55 [INFO] __main__: step=13550  loss=0.1655  lr=4.79e-05  steps/s=0.23
2026-03-18 03:56:07 [INFO] __main__: step=13600  loss=0.1448  lr=4.79e-05  steps/s=0.23
2026-03-18 03:57:16 [INFO] __main__: step=13650  loss=0.1738  lr=4.79e-05  steps/s=0.23
2026-03-18 03:58:17 [INFO] __main__: step=13700  loss=0.1555  lr=4.79e-05  steps/s=0.23
2026-03-18 03:59:31 [INFO] neurel_deob.training.data: Yielded 440000 samples (skipped 462196)
2026-03-18 03:59:31 [INFO] __main__: step=13750  loss=0.1604  lr=4.78e-05  steps/s=0.23
2026-03-18 04:00:28 [INFO] __main__: step=13800  loss=0.1675  lr=4.78e-05  steps/s=0.23
2026-03-18 04:01:39 [INFO] __main__: step=13850  loss=0.1641  lr=4.78e-05  steps/s=0.23
2026-03-18 04:02:39 [INFO] __main__: step=13900  loss=0.1695  lr=4.78e-05  steps/s=0.23
2026-03-18 04:03:39 [INFO] __main__: step=13950  loss=0.1588  lr=4.78e-05  steps/s=0.23
2026-03-18 04:04:45 [INFO] __main__: step=14000  loss=0.1602  lr=4.78e-05  steps/s=0.23
2026-03-18 04:04:45 [INFO] __main__: Running evaluation at step 14000 …
2026-03-18 04:04:46 [INFO] neurel_deob.training.data: Resolved pair arm_ir-ir → source=angha_gcc_arm_O0  target=angha_clang_ir_O0
Repo card metadata block was not found. Setting CardData to empty.
2026-03-18 04:04:47 [WARNING] huggingface_hub.repocard: Repo card metadata block was not found. Setting CardData to empty.
2026-03-18 06:29:36 [INFO] __main__: EVAL step=14000  val_loss=0.0101  BLEU=15.32  NED=0.7519  syntax_valid=0.0%  (n=504)
2026-03-18 06:29:47 [INFO] __main__: Saved checkpoint at step 14000 → checkpoints/arm_ir_ir_v3/step_14000
2026-03-18 06:29:47 [INFO] __main__: Pruning old checkpoint checkpoints/arm_ir_ir_v3/step_4000
2026-03-18 06:31:02 [INFO] __main__: step=14050  loss=0.1633  lr=4.77e-05  steps/s=0.20
2026-03-18 06:31:19 [INFO] neurel_deob.training.data: Yielded 450000 samples (skipped 472641)
2026-03-18 06:32:03 [INFO] __main__: step=14100  loss=0.1453  lr=4.77e-05  steps/s=0.21
2026-03-18 06:32:59 [INFO] __main__: step=14150  loss=0.1584  lr=4.77e-05  steps/s=0.21
2026-03-18 06:34:08 [INFO] __main__: step=14200  loss=0.1578  lr=4.77e-05  steps/s=0.21
2026-03-18 06:35:14 [INFO] __main__: step=14250  loss=0.1672  lr=4.77e-05  steps/s=0.21
2026-03-18 06:36:19 [INFO] __main__: step=14300  loss=0.1550  lr=4.77e-05  steps/s=0.21
2026-03-18 06:37:20 [INFO] __main__: step=14350  loss=0.1461  lr=4.76e-05  steps/s=0.21
2026-03-18 06:37:55 [INFO] neurel_deob.training.data: Yielded 460000 samples (skipped 483061)
2026-03-18 06:38:32 [INFO] __main__: step=14400  loss=0.1487  lr=4.76e-05  steps/s=0.21
2026-03-18 06:39:33 [INFO] __main__: step=14450  loss=0.1740  lr=4.76e-05  steps/s=0.21
2026-03-18 06:40:44 [INFO] __main__: step=14500  loss=0.1573  lr=4.76e-05  steps/s=0.21
2026-03-18 06:41:48 [INFO] __main__: step=14550  loss=0.1530  lr=4.76e-05  steps/s=0.21
2026-03-18 06:42:59 [INFO] __main__: step=14600  loss=0.1609  lr=4.76e-05  steps/s=0.21
2026-03-18 06:44:02 [INFO] __main__: step=14650  loss=0.1634  lr=4.75e-05  steps/s=0.21
2026-03-18 06:44:53 [INFO] neurel_deob.training.data: Yielded 470000 samples (skipped 493617)
2026-03-18 06:45:07 [INFO] __main__: step=14700  loss=0.1666  lr=4.75e-05  steps/s=0.21
2026-03-18 06:46:10 [INFO] __main__: step=14750  loss=0.1482  lr=4.75e-05  steps/s=0.21
2026-03-18 06:47:09 [INFO] __main__: step=14800  loss=0.1522  lr=4.75e-05  steps/s=0.21
2026-03-18 06:48:10 [INFO] __main__: step=14850  loss=0.1563  lr=4.75e-05  steps/s=0.21
2026-03-18 06:49:10 [INFO] __main__: step=14900  loss=0.1481  lr=4.75e-05  steps/s=0.21
2026-03-18 06:50:16 [INFO] __main__: step=14950  loss=0.1853  lr=4.74e-05  steps/s=0.21
2026-03-18 06:51:25 [INFO] neurel_deob.training.data: Yielded 480000 samples (skipped 504149)
2026-03-18 06:51:25 [INFO] __main__: step=15000  loss=0.1670  lr=4.74e-05  steps/s=0.21
2026-03-18 06:52:26 [INFO] __main__: step=15050  loss=0.1544  lr=4.74e-05  steps/s=0.22
2026-03-18 06:53:26 [INFO] __main__: step=15100  loss=0.1548  lr=4.74e-05  steps/s=0.22
2026-03-18 06:54:33 [INFO] __main__: step=15150  loss=0.1598  lr=4.74e-05  steps/s=0.22
2026-03-18 06:55:36 [INFO] __main__: step=15200  loss=0.1606  lr=4.74e-05  steps/s=0.22
2026-03-18 06:56:45 [INFO] __main__: step=15250  loss=0.1621  lr=4.73e-05  steps/s=0.22
2026-03-18 06:57:53 [INFO] __main__: step=15300  loss=0.1442  lr=4.73e-05  steps/s=0.22
2026-03-18 06:58:10 [INFO] neurel_deob.training.data: Yielded 490000 samples (skipped 514593)
2026-03-18 06:59:02 [INFO] __main__: step=15350  loss=0.1587  lr=4.73e-05  steps/s=0.22
2026-03-18 07:00:07 [INFO] __main__: step=15400  loss=0.1611  lr=4.73e-05  steps/s=0.22
2026-03-18 07:01:14 [INFO] __main__: step=15450  loss=0.1528  lr=4.73e-05  steps/s=0.22
2026-03-18 07:02:14 [INFO] __main__: step=15500  loss=0.1589  lr=4.72e-05  steps/s=0.22
2026-03-18 07:03:16 [INFO] __main__: step=15550  loss=0.1574  lr=4.72e-05  steps/s=0.22
2026-03-18 07:04:25 [INFO] __main__: step=15600  loss=0.1524  lr=4.72e-05  steps/s=0.22
2026-03-18 07:04:57 [INFO] neurel_deob.training.data: Yielded 500000 samples (skipped 524795)
2026-03-18 07:05:29 [INFO] __main__: step=15650  loss=0.1660  lr=4.72e-05  steps/s=0.22
2026-03-18 07:06:36 [INFO] __main__: step=15700  loss=0.1481  lr=4.72e-05  steps/s=0.22
2026-03-18 07:07:36 [INFO] __main__: step=15750  loss=0.1515  lr=4.72e-05  steps/s=0.22
2026-03-18 07:08:44 [INFO] __main__: step=15800  loss=0.1410  lr=4.71e-05  steps/s=0.22
2026-03-18 07:09:52 [INFO] __main__: step=15850  loss=0.1435  lr=4.71e-05  steps/s=0.22
2026-03-18 07:10:52 [INFO] __main__: step=15900  loss=0.1469  lr=4.71e-05  steps/s=0.22
2026-03-18 07:11:53 [INFO] neurel_deob.training.data: Yielded 510000 samples (skipped 535305)
2026-03-18 07:12:09 [INFO] __main__: step=15950  loss=0.1498  lr=4.71e-05  steps/s=0.22
2026-03-18 07:13:12 [INFO] __main__: step=16000  loss=0.1583  lr=4.71e-05  steps/s=0.22
2026-03-18 07:13:12 [INFO] __main__: Running evaluation at step 16000 …
2026-03-18 07:13:12 [INFO] neurel_deob.training.data: Resolved pair arm_ir-ir → source=angha_gcc_arm_O0  target=angha_clang_ir_O0
Repo card metadata block was not found. Setting CardData to empty.
2026-03-18 07:13:14 [WARNING] huggingface_hub.repocard: Repo card metadata block was not found. Setting CardData to empty.
2026-03-18 09:38:11 [INFO] __main__: EVAL step=16000  val_loss=0.0096  BLEU=14.88  NED=0.7585  syntax_valid=0.0%  (n=504)
2026-03-18 09:38:18 [INFO] __main__: Saved checkpoint at step 16000 → checkpoints/arm_ir_ir_v3/step_16000
2026-03-18 09:38:18 [INFO] __main__: Pruning old checkpoint checkpoints/arm_ir_ir_v3/step_6000
2026-03-18 09:39:23 [INFO] __main__: step=16050  loss=0.1656  lr=4.70e-05  steps/s=0.20
2026-03-18 09:40:25 [INFO] __main__: step=16100  loss=0.1545  lr=4.70e-05  steps/s=0.20
2026-03-18 09:41:24 [INFO] __main__: step=16150  loss=0.1472  lr=4.70e-05  steps/s=0.20
2026-03-18 09:42:29 [INFO] __main__: step=16200  loss=0.1538  lr=4.70e-05  steps/s=0.20
2026-03-18 09:43:34 [INFO] neurel_deob.training.data: Yielded 520000 samples (skipped 545899)
2026-03-18 09:43:34 [INFO] __main__: step=16250  loss=0.1461  lr=4.70e-05  steps/s=0.20
2026-03-18 09:44:39 [INFO] __main__: step=16300  loss=0.1456  lr=4.70e-05  steps/s=0.20
2026-03-18 09:45:48 [INFO] __main__: step=16350  loss=0.1522  lr=4.69e-05  steps/s=0.20
2026-03-18 09:46:57 [INFO] __main__: step=16400  loss=0.1546  lr=4.69e-05  steps/s=0.20
2026-03-18 09:47:58 [INFO] __main__: step=16450  loss=0.1634  lr=4.69e-05  steps/s=0.20
2026-03-18 09:49:03 [INFO] __main__: step=16500  loss=0.1414  lr=4.69e-05  steps/s=0.20
2026-03-18 09:50:10 [INFO] __main__: step=16550  loss=0.1659  lr=4.69e-05  steps/s=0.21
2026-03-18 09:50:24 [INFO] neurel_deob.training.data: Yielded 530000 samples (skipped 556545)
2026-03-18 09:51:12 [INFO] __main__: step=16600  loss=0.1522  lr=4.68e-05  steps/s=0.21
2026-03-18 09:52:12 [INFO] __main__: step=16650  loss=0.1486  lr=4.68e-05  steps/s=0.21
2026-03-18 09:53:13 [INFO] __main__: step=16700  loss=0.1341  lr=4.68e-05  steps/s=0.21
2026-03-18 09:54:18 [INFO] __main__: step=16750  loss=0.1636  lr=4.68e-05  steps/s=0.21
2026-03-18 09:55:15 [INFO] __main__: step=16800  loss=0.1437  lr=4.68e-05  steps/s=0.21
2026-03-18 09:56:20 [INFO] __main__: step=16850  loss=0.1487  lr=4.67e-05  steps/s=0.21
2026-03-18 09:56:52 [INFO] neurel_deob.training.data: Yielded 540000 samples (skipped 566914)
2026-03-18 09:57:25 [INFO] __main__: step=16900  loss=0.1470  lr=4.67e-05  steps/s=0.21
2026-03-18 09:58:37 [INFO] __main__: step=16950  loss=0.1464  lr=4.67e-05  steps/s=0.21
2026-03-18 09:59:45 [INFO] __main__: step=17000  loss=0.1608  lr=4.67e-05  steps/s=0.21
2026-03-18 10:00:45 [INFO] __main__: step=17050  loss=0.1565  lr=4.67e-05  steps/s=0.21
2026-03-18 10:01:48 [INFO] __main__: step=17100  loss=0.1458  lr=4.66e-05  steps/s=0.21
2026-03-18 10:02:50 [INFO] __main__: step=17150  loss=0.1485  lr=4.66e-05  steps/s=0.21
2026-03-18 10:03:42 [INFO] neurel_deob.training.data: Yielded 550000 samples (skipped 577398)
2026-03-18 10:03:57 [INFO] __main__: step=17200  loss=0.1508  lr=4.66e-05  steps/s=0.21
2026-03-18 10:04:58 [INFO] __main__: step=17250  loss=0.1510  lr=4.66e-05  steps/s=0.21
2026-03-18 10:06:12 [INFO] __main__: step=17300  loss=0.1366  lr=4.66e-05  steps/s=0.21
2026-03-18 10:07:16 [INFO] __main__: step=17350  loss=0.1415  lr=4.65e-05  steps/s=0.21
2026-03-18 10:08:16 [INFO] __main__: step=17400  loss=0.1546  lr=4.65e-05  steps/s=0.21
2026-03-18 10:09:18 [INFO] __main__: step=17450  loss=0.1475  lr=4.65e-05  steps/s=0.21
2026-03-18 10:10:13 [INFO] neurel_deob.training.data: Yielded 560000 samples (skipped 587764)
2026-03-18 10:10:14 [INFO] __main__: step=17500  loss=0.1624  lr=4.65e-05  steps/s=0.21
2026-03-18 10:11:18 [INFO] __main__: step=17550  loss=0.1673  lr=4.65e-05  steps/s=0.21
2026-03-18 10:12:24 [INFO] __main__: step=17600  loss=0.1546  lr=4.64e-05  steps/s=0.21
2026-03-18 10:13:37 [INFO] __main__: step=17650  loss=0.1436  lr=4.64e-05  steps/s=0.22
2026-03-18 10:14:40 [INFO] __main__: step=17700  loss=0.1425  lr=4.64e-05  steps/s=0.22
2026-03-18 10:15:43 [INFO] __main__: step=17750  loss=0.1453  lr=4.64e-05  steps/s=0.22
2026-03-18 10:16:51 [INFO] __main__: step=17800  loss=0.1402  lr=4.64e-05  steps/s=0.22
2026-03-18 10:17:04 [INFO] neurel_deob.training.data: Yielded 570000 samples (skipped 598553)
2026-03-18 10:17:48 [INFO] __main__: step=17850  loss=0.1425  lr=4.63e-05  steps/s=0.22
2026-03-18 10:18:44 [INFO] __main__: step=17900  loss=0.1445  lr=4.63e-05  steps/s=0.22
2026-03-18 10:19:44 [INFO] __main__: step=17950  loss=0.1503  lr=4.63e-05  steps/s=0.22
2026-03-18 10:20:46 [INFO] __main__: step=18000  loss=0.1392  lr=4.63e-05  steps/s=0.22
2026-03-18 10:20:46 [INFO] __main__: Running evaluation at step 18000 …
2026-03-18 10:20:46 [INFO] neurel_deob.training.data: Resolved pair arm_ir-ir → source=angha_gcc_arm_O0  target=angha_clang_ir_O0
Repo card metadata block was not found. Setting CardData to empty.
2026-03-18 10:20:49 [WARNING] huggingface_hub.repocard: Repo card metadata block was not found. Setting CardData to empty.
2026-03-18 12:47:37 [INFO] __main__: EVAL step=18000  val_loss=0.0091  BLEU=14.33  NED=0.7501  syntax_valid=0.0%  (n=504)
2026-03-18 12:48:00 [INFO] __main__: Saved checkpoint at step 18000 → checkpoints/arm_ir_ir_v3/step_18000
2026-03-18 12:48:00 [INFO] __main__: Pruning old checkpoint checkpoints/arm_ir_ir_v3/step_8000
2026-03-18 12:49:33 [INFO] __main__: step=18050  loss=0.1551  lr=4.63e-05  steps/s=0.20
2026-03-18 12:50:43 [INFO] __main__: step=18100  loss=0.1408  lr=4.62e-05  steps/s=0.20
2026-03-18 12:51:21 [INFO] neurel_deob.training.data: Yielded 580000 samples (skipped 609021)
2026-03-18 12:52:02 [INFO] __main__: step=18150  loss=0.1545  lr=4.62e-05  steps/s=0.20
2026-03-18 12:53:25 [INFO] __main__: step=18200  loss=0.1600  lr=4.62e-05  steps/s=0.20
2026-03-18 12:54:41 [INFO] __main__: step=18250  loss=0.1515  lr=4.62e-05  steps/s=0.20
2026-03-18 12:55:50 [INFO] __main__: step=18300  loss=0.1381  lr=4.62e-05  steps/s=0.20
2026-03-18 12:57:00 [INFO] __main__: step=18350  loss=0.1517  lr=4.61e-05  steps/s=0.20
2026-03-18 12:58:08 [INFO] __main__: step=18400  loss=0.1444  lr=4.61e-05  steps/s=0.20
2026-03-18 12:58:55 [INFO] neurel_deob.training.data: Yielded 590000 samples (skipped 619517)
2026-03-18 12:59:10 [INFO] __main__: step=18450  loss=0.1535  lr=4.61e-05  steps/s=0.20
2026-03-18 13:00:11 [INFO] __main__: step=18500  loss=0.1471  lr=4.61e-05  steps/s=0.20
2026-03-18 13:01:17 [INFO] __main__: step=18550  loss=0.1484  lr=4.60e-05  steps/s=0.20
2026-03-18 13:02:25 [INFO] __main__: step=18600  loss=0.1480  lr=4.60e-05  steps/s=0.20
2026-03-18 13:03:23 [INFO] __main__: step=18650  loss=0.1456  lr=4.60e-05  steps/s=0.20
2026-03-18 13:04:24 [INFO] __main__: step=18700  loss=0.1579  lr=4.60e-05  steps/s=0.20
2026-03-18 13:05:24 [INFO] neurel_deob.training.data: Yielded 600000 samples (skipped 629822)
2026-03-18 13:05:24 [INFO] __main__: step=18750  loss=0.1602  lr=4.60e-05  steps/s=0.20
2026-03-18 13:06:23 [INFO] __main__: step=18800  loss=0.1412  lr=4.59e-05  steps/s=0.20
2026-03-18 13:07:27 [INFO] __main__: step=18850  loss=0.1452  lr=4.59e-05  steps/s=0.20
2026-03-18 13:08:27 [INFO] __main__: step=18900  loss=0.1496  lr=4.59e-05  steps/s=0.20
2026-03-18 13:09:27 [INFO] __main__: step=18950  loss=0.1407  lr=4.59e-05  steps/s=0.20
2026-03-18 13:10:33 [INFO] __main__: step=19000  loss=0.1538  lr=4.59e-05  steps/s=0.21
2026-03-18 13:11:38 [INFO] __main__: step=19050  loss=0.1529  lr=4.58e-05  steps/s=0.21
2026-03-18 13:11:54 [INFO] neurel_deob.training.data: Yielded 610000 samples (skipped 640195)
2026-03-18 13:12:40 [INFO] __main__: step=19100  loss=0.1465  lr=4.58e-05  steps/s=0.21
2026-03-18 13:13:42 [INFO] __main__: step=19150  loss=0.1463  lr=4.58e-05  steps/s=0.21
2026-03-18 13:14:45 [INFO] __main__: step=19200  loss=0.1449  lr=4.58e-05  steps/s=0.21
2026-03-18 13:15:43 [INFO] __main__: step=19250  loss=0.1434  lr=4.57e-05  steps/s=0.21
2026-03-18 13:16:45 [INFO] __main__: step=19300  loss=0.1467  lr=4.57e-05  steps/s=0.21
2026-03-18 13:17:56 [INFO] __main__: step=19350  loss=0.1542  lr=4.57e-05  steps/s=0.21
2026-03-18 13:18:31 [INFO] neurel_deob.training.data: Yielded 620000 samples (skipped 650559)
2026-03-18 13:19:39 [INFO] __main__: step=19400  loss=0.1339  lr=4.57e-05  steps/s=0.21
2026-03-18 13:20:42 [INFO] __main__: step=19450  loss=0.1397  lr=4.57e-05  steps/s=0.21
2026-03-18 13:21:47 [INFO] __main__: step=19500  loss=0.1417  lr=4.56e-05  steps/s=0.21
2026-03-18 13:22:50 [INFO] __main__: step=19550  loss=0.1469  lr=4.56e-05  steps/s=0.21
2026-03-18 13:23:48 [INFO] __main__: step=19600  loss=0.1389  lr=4.56e-05  steps/s=0.21
2026-03-18 13:24:57 [INFO] __main__: step=19650  loss=0.1522  lr=4.56e-05  steps/s=0.21
2026-03-18 13:25:44 [INFO] neurel_deob.training.data: Yielded 630000 samples (skipped 661345)
2026-03-18 13:26:00 [INFO] __main__: step=19700  loss=0.1465  lr=4.55e-05  steps/s=0.21
2026-03-18 13:27:02 [INFO] __main__: step=19750  loss=0.1533  lr=4.55e-05  steps/s=0.21
2026-03-18 13:28:02 [INFO] __main__: step=19800  loss=0.1462  lr=4.55e-05  steps/s=0.21
2026-03-18 13:29:04 [INFO] __main__: step=19850  loss=0.1483  lr=4.55e-05  steps/s=0.21
2026-03-18 13:30:10 [INFO] __main__: step=19900  loss=0.1645  lr=4.55e-05  steps/s=0.21
2026-03-18 13:31:15 [INFO] __main__: step=19950  loss=0.1556  lr=4.54e-05  steps/s=0.21
2026-03-18 13:32:22 [INFO] neurel_deob.training.data: Yielded 640000 samples (skipped 671918)
2026-03-18 13:32:22 [INFO] __main__: step=20000  loss=0.1461  lr=4.54e-05  steps/s=0.21
2026-03-18 13:32:22 [INFO] __main__: Running evaluation at step 20000 …
2026-03-18 13:32:22 [INFO] neurel_deob.training.data: Resolved pair arm_ir-ir → source=angha_gcc_arm_O0  target=angha_clang_ir_O0
Repo card metadata block was not found. Setting CardData to empty.
2026-03-18 13:32:24 [WARNING] huggingface_hub.repocard: Repo card metadata block was not found. Setting CardData to empty.
2026-03-18 15:57:42 [INFO] __main__: EVAL step=20000  val_loss=0.0090  BLEU=13.87  NED=0.7698  syntax_valid=0.0%  (n=504)
2026-03-18 15:57:49 [INFO] __main__: Saved checkpoint at step 20000 → checkpoints/arm_ir_ir_v3/step_20000
2026-03-18 15:57:49 [INFO] __main__: Pruning old checkpoint checkpoints/arm_ir_ir_v3/step_10000
2026-03-18 15:59:06 [INFO] __main__: step=20050  loss=0.1471  lr=4.54e-05  steps/s=0.20
2026-03-18 16:00:15 [INFO] __main__: step=20100  loss=0.1468  lr=4.54e-05  steps/s=0.20
2026-03-18 16:01:26 [INFO] __main__: step=20150  loss=0.1608  lr=4.53e-05  steps/s=0.20
2026-03-18 16:02:32 [INFO] __main__: step=20200  loss=0.1412  lr=4.53e-05  steps/s=0.20
2026-03-18 16:03:33 [INFO] __main__: step=20250  loss=0.1435  lr=4.53e-05  steps/s=0.20
2026-03-18 16:04:38 [INFO] __main__: step=20300  loss=0.1401  lr=4.53e-05  steps/s=0.20
2026-03-18 16:04:53 [INFO] neurel_deob.training.data: Yielded 650000 samples (skipped 682366)
2026-03-18 16:05:38 [INFO] __main__: step=20350  loss=0.1505  lr=4.52e-05  steps/s=0.20
2026-03-18 16:06:43 [INFO] __main__: step=20400  loss=0.1345  lr=4.52e-05  steps/s=0.20
2026-03-18 16:07:44 [INFO] __main__: step=20450  loss=0.1451  lr=4.52e-05  steps/s=0.20
2026-03-18 16:08:56 [INFO] __main__: step=20500  loss=0.1498  lr=4.52e-05  steps/s=0.20
2026-03-18 16:10:01 [INFO] __main__: step=20550  loss=0.1526  lr=4.52e-05  steps/s=0.20
2026-03-18 16:11:03 [INFO] __main__: step=20600  loss=0.1633  lr=4.51e-05  steps/s=0.20
2026-03-18 16:11:38 [INFO] neurel_deob.training.data: Yielded 660000 samples (skipped 692905)
2026-03-18 16:12:08 [INFO] __main__: step=20650  loss=0.1522  lr=4.51e-05  steps/s=0.20
2026-03-18 16:13:18 [INFO] __main__: step=20700  loss=0.1396  lr=4.51e-05  steps/s=0.20
2026-03-18 16:14:20 [INFO] __main__: step=20750  loss=0.1429  lr=4.51e-05  steps/s=0.20
2026-03-18 16:15:25 [INFO] __main__: step=20800  loss=0.1319  lr=4.50e-05  steps/s=0.20
2026-03-18 16:16:30 [INFO] __main__: step=20850  loss=0.1608  lr=4.50e-05  steps/s=0.20
2026-03-18 16:17:34 [INFO] __main__: step=20900  loss=0.1422  lr=4.50e-05  steps/s=0.20
2026-03-18 16:18:22 [INFO] neurel_deob.training.data: Yielded 670000 samples (skipped 703232)
2026-03-18 16:18:39 [INFO] __main__: step=20950  loss=0.1420  lr=4.50e-05  steps/s=0.20
2026-03-18 16:19:40 [INFO] __main__: step=21000  loss=0.1448  lr=4.49e-05  steps/s=0.20
2026-03-18 16:20:47 [INFO] __main__: step=21050  loss=0.1346  lr=4.49e-05  steps/s=0.20
2026-03-18 16:22:03 [INFO] __main__: step=21100  loss=0.1433  lr=4.49e-05  steps/s=0.20
2026-03-18 16:23:09 [INFO] __main__: step=21150  loss=0.1338  lr=4.49e-05  steps/s=0.20
2026-03-18 16:24:15 [INFO] __main__: step=21200  loss=0.1254  lr=4.48e-05  steps/s=0.20
2026-03-18 16:25:17 [INFO] neurel_deob.training.data: Yielded 680000 samples (skipped 713952)
2026-03-18 16:25:17 [INFO] __main__: step=21250  loss=0.1352  lr=4.48e-05  steps/s=0.20
2026-03-18 16:26:25 [INFO] __main__: step=21300  loss=0.1496  lr=4.48e-05  steps/s=0.20
2026-03-18 16:27:29 [INFO] __main__: step=21350  loss=0.1358  lr=4.48e-05  steps/s=0.20
2026-03-18 16:28:36 [INFO] __main__: step=21400  loss=0.1441  lr=4.48e-05  steps/s=0.20
2026-03-18 16:29:40 [INFO] __main__: step=21450  loss=0.1475  lr=4.47e-05  steps/s=0.21
2026-03-18 16:30:48 [INFO] __main__: step=21500  loss=0.1408  lr=4.47e-05  steps/s=0.21
2026-03-18 16:31:49 [INFO] __main__: step=21550  loss=0.1401  lr=4.47e-05  steps/s=0.21
2026-03-18 16:32:05 [INFO] neurel_deob.training.data: Yielded 690000 samples (skipped 724563)
2026-03-18 16:32:56 [INFO] __main__: step=21600  loss=0.1524  lr=4.47e-05  steps/s=0.21
2026-03-18 16:33:57 [INFO] __main__: step=21650  loss=0.1384  lr=4.46e-05  steps/s=0.21
2026-03-18 16:34:57 [INFO] __main__: step=21700  loss=0.1347  lr=4.46e-05  steps/s=0.21
2026-03-18 16:36:03 [INFO] __main__: step=21750  loss=0.1333  lr=4.46e-05  steps/s=0.21
2026-03-18 16:37:08 [INFO] __main__: step=21800  loss=0.1293  lr=4.46e-05  steps/s=0.21
2026-03-18 16:38:09 [INFO] __main__: step=21850  loss=0.1424  lr=4.45e-05  steps/s=0.21
2026-03-18 16:38:42 [INFO] neurel_deob.training.data: Yielded 700000 samples (skipped 734893)
2026-03-18 16:39:13 [INFO] __main__: step=21900  loss=0.1404  lr=4.45e-05  steps/s=0.21
2026-03-18 16:40:17 [INFO] __main__: step=21950  loss=0.1480  lr=4.45e-05  steps/s=0.21
2026-03-18 16:41:22 [INFO] __main__: step=22000  loss=0.1522  lr=4.45e-05  steps/s=0.21
2026-03-18 16:41:22 [INFO] __main__: Running evaluation at step 22000 …
2026-03-18 16:41:22 [INFO] neurel_deob.training.data: Resolved pair arm_ir-ir → source=angha_gcc_arm_O0  target=angha_clang_ir_O0
Repo card metadata block was not found. Setting CardData to empty.
2026-03-18 16:41:24 [WARNING] huggingface_hub.repocard: Repo card metadata block was not found. Setting CardData to empty.
2026-03-18 19:06:21 [INFO] __main__: EVAL step=22000  val_loss=0.0091  BLEU=12.31  NED=0.8133  syntax_valid=0.0%  (n=504)
2026-03-18 19:06:50 [INFO] __main__: Saved checkpoint at step 22000 → checkpoints/arm_ir_ir_v3/step_22000
2026-03-18 19:06:50 [INFO] __main__: Pruning old checkpoint checkpoints/arm_ir_ir_v3/step_12000
2026-03-18 19:08:25 [INFO] __main__: step=22050  loss=0.1411  lr=4.44e-05  steps/s=0.19
2026-03-18 19:09:31 [INFO] __main__: step=22100  loss=0.1479  lr=4.44e-05  steps/s=0.19
2026-03-18 19:10:32 [INFO] __main__: step=22150  loss=0.1368  lr=4.44e-05  steps/s=0.19
2026-03-18 19:11:14 [INFO] neurel_deob.training.data: Yielded 710000 samples (skipped 745200)
2026-03-18 19:11:30 [INFO] __main__: step=22200  loss=0.1472  lr=4.44e-05  steps/s=0.19
2026-03-18 19:12:32 [INFO] __main__: step=22250  loss=0.1357  lr=4.43e-05  steps/s=0.19
2026-03-18 19:13:45 [INFO] __main__: step=22300  loss=0.1300  lr=4.43e-05  steps/s=0.19
2026-03-18 19:14:47 [INFO] __main__: step=22350  loss=0.1329  lr=4.43e-05  steps/s=0.20
2026-03-18 19:15:47 [INFO] __main__: step=22400  loss=0.1384  lr=4.43e-05  steps/s=0.20
2026-03-18 19:16:50 [INFO] __main__: step=22450  loss=0.1391  lr=4.42e-05  steps/s=0.20
2026-03-18 19:17:59 [INFO] neurel_deob.training.data: Yielded 720000 samples (skipped 755782)
2026-03-18 19:17:59 [INFO] __main__: step=22500  loss=0.1628  lr=4.42e-05  steps/s=0.20
2026-03-18 19:19:08 [INFO] __main__: step=22550  loss=0.1413  lr=4.42e-05  steps/s=0.20
2026-03-18 19:20:11 [INFO] __main__: step=22600  loss=0.1410  lr=4.42e-05  steps/s=0.20
2026-03-18 19:21:19 [INFO] __main__: step=22650  loss=0.1391  lr=4.41e-05  steps/s=0.20
2026-03-18 19:22:27 [INFO] __main__: step=22700  loss=0.1324  lr=4.41e-05  steps/s=0.20
2026-03-18 19:23:21 [INFO] __main__: step=22750  loss=0.1302  lr=4.41e-05  steps/s=0.20
2026-03-18 19:24:33 [INFO] __main__: step=22800  loss=0.1341  lr=4.41e-05  steps/s=0.20
2026-03-18 19:24:49 [INFO] neurel_deob.training.data: Yielded 730000 samples (skipped 766228)
2026-03-18 19:25:35 [INFO] __main__: step=22850  loss=0.1329  lr=4.40e-05  steps/s=0.20
2026-03-18 19:26:36 [INFO] __main__: step=22900  loss=0.1434  lr=4.40e-05  steps/s=0.20
2026-03-18 19:27:46 [INFO] __main__: step=22950  loss=0.1392  lr=4.40e-05  steps/s=0.20
2026-03-18 19:28:49 [INFO] __main__: step=23000  loss=0.1335  lr=4.40e-05  steps/s=0.20
2026-03-18 19:29:47 [INFO] __main__: step=23050  loss=0.1364  lr=4.39e-05  steps/s=0.20
2026-03-18 19:30:47 [INFO] __main__: step=23100  loss=0.1326  lr=4.39e-05  steps/s=0.20
2026-03-18 19:31:17 [INFO] neurel_deob.training.data: Yielded 740000 samples (skipped 776683)
2026-03-18 19:31:50 [INFO] __main__: step=23150  loss=0.1471  lr=4.39e-05  steps/s=0.20
2026-03-18 19:32:56 [INFO] __main__: step=23200  loss=0.1390  lr=4.38e-05  steps/s=0.20
2026-03-18 19:34:15 [INFO] __main__: step=23250  loss=0.1302  lr=4.38e-05  steps/s=0.20
2026-03-18 19:35:16 [INFO] __main__: step=23300  loss=0.1344  lr=4.38e-05  steps/s=0.20
2026-03-18 19:36:20 [INFO] __main__: step=23350  loss=0.1550  lr=4.38e-05  steps/s=0.20
2026-03-18 19:37:27 [INFO] __main__: step=23400  loss=0.1431  lr=4.37e-05  steps/s=0.20
2026-03-18 19:38:14 [INFO] neurel_deob.training.data: Yielded 750000 samples (skipped 787236)
2026-03-18 19:38:29 [INFO] __main__: step=23450  loss=0.1465  lr=4.37e-05  steps/s=0.20
2026-03-18 19:39:29 [INFO] __main__: step=23500  loss=0.1331  lr=4.37e-05  steps/s=0.20
2026-03-18 19:40:33 [INFO] __main__: step=23550  loss=0.1540  lr=4.37e-05  steps/s=0.20
2026-03-18 19:41:35 [INFO] __main__: step=23600  loss=0.1447  lr=4.36e-05  steps/s=0.20
2026-03-18 19:42:34 [INFO] __main__: step=23650  loss=0.1467  lr=4.36e-05  steps/s=0.20
2026-03-18 19:43:37 [INFO] __main__: step=23700  loss=0.1402  lr=4.36e-05  steps/s=0.20
2026-03-18 19:44:38 [INFO] neurel_deob.training.data: Yielded 760000 samples (skipped 797612)
2026-03-18 19:44:38 [INFO] __main__: step=23750  loss=0.1345  lr=4.36e-05  steps/s=0.20
2026-03-18 19:45:41 [INFO] __main__: step=23800  loss=0.1379  lr=4.35e-05  steps/s=0.20
2026-03-18 19:46:50 [INFO] __main__: step=23850  loss=0.1325  lr=4.35e-05  steps/s=0.20
2026-03-18 19:47:53 [INFO] __main__: step=23900  loss=0.1377  lr=4.35e-05  steps/s=0.21
2026-03-18 19:48:58 [INFO] __main__: step=23950  loss=0.1524  lr=4.35e-05  steps/s=0.21
2026-03-18 19:50:02 [INFO] __main__: step=24000  loss=0.1426  lr=4.34e-05  steps/s=0.21
2026-03-18 19:50:02 [INFO] __main__: Running evaluation at step 24000 …
2026-03-18 19:50:02 [INFO] neurel_deob.training.data: Resolved pair arm_ir-ir → source=angha_gcc_arm_O0  target=angha_clang_ir_O0
Repo card metadata block was not found. Setting CardData to empty.
2026-03-18 19:50:03 [WARNING] huggingface_hub.repocard: Repo card metadata block was not found. Setting CardData to empty.
2026-03-18 22:13:04 [INFO] __main__: EVAL step=24000  val_loss=0.0087  BLEU=12.97  NED=0.7948  syntax_valid=0.0%  (n=504)
2026-03-18 22:13:13 [INFO] __main__: Saved checkpoint at step 24000 → checkpoints/arm_ir_ir_v3/step_24000
2026-03-18 22:13:13 [INFO] __main__: Pruning old checkpoint checkpoints/arm_ir_ir_v3/step_14000
2026-03-18 22:14:35 [INFO] __main__: step=24050  loss=0.1466  lr=4.34e-05  steps/s=0.19
2026-03-18 22:14:50 [INFO] neurel_deob.training.data: Yielded 770000 samples (skipped 807988)
2026-03-18 22:15:44 [INFO] __main__: step=24100  loss=0.1381  lr=4.34e-05  steps/s=0.19
2026-03-18 22:16:45 [INFO] __main__: step=24150  loss=0.1328  lr=4.33e-05  steps/s=0.19
2026-03-18 22:17:49 [INFO] __main__: step=24200  loss=0.1264  lr=4.33e-05  steps/s=0.19
2026-03-18 22:19:00 [INFO] __main__: step=24250  loss=0.1311  lr=4.33e-05  steps/s=0.19
2026-03-18 22:20:04 [INFO] __main__: step=24300  loss=0.1391  lr=4.33e-05  steps/s=0.19
2026-03-18 22:21:09 [INFO] __main__: step=24350  loss=0.1385  lr=4.32e-05  steps/s=0.19
2026-03-18 22:21:41 [INFO] neurel_deob.training.data: Yielded 780000 samples (skipped 818344)
2026-03-18 22:22:12 [INFO] __main__: step=24400  loss=0.1242  lr=4.32e-05  steps/s=0.19
2026-03-18 22:23:16 [INFO] __main__: step=24450  loss=0.1345  lr=4.32e-05  steps/s=0.19
2026-03-18 22:24:17 [INFO] __main__: step=24500  loss=0.1293  lr=4.32e-05  steps/s=0.19
2026-03-18 22:25:19 [INFO] __main__: step=24550  loss=0.1394  lr=4.31e-05  steps/s=0.20
2026-03-18 22:26:25 [INFO] __main__: step=24600  loss=0.1262  lr=4.31e-05  steps/s=0.20
2026-03-18 22:27:33 [INFO] __main__: step=24650  loss=0.1264  lr=4.31e-05  steps/s=0.20
2026-03-18 22:28:21 [INFO] neurel_deob.training.data: Yielded 790000 samples (skipped 828764)
2026-03-18 22:28:35 [INFO] __main__: step=24700  loss=0.1228  lr=4.31e-05  steps/s=0.20
2026-03-18 22:29:39 [INFO] __main__: step=24750  loss=0.1219  lr=4.30e-05  steps/s=0.20
2026-03-18 22:30:42 [INFO] __main__: step=24800  loss=0.1415  lr=4.30e-05  steps/s=0.20
2026-03-18 22:31:37 [INFO] __main__: step=24850  loss=0.1536  lr=4.30e-05  steps/s=0.20
2026-03-18 22:32:38 [INFO] __main__: step=24900  loss=0.1315  lr=4.29e-05  steps/s=0.20
2026-03-18 22:33:44 [INFO] __main__: step=24950  loss=0.1361  lr=4.29e-05  steps/s=0.20
2026-03-18 22:34:46 [INFO] neurel_deob.training.data: Yielded 800000 samples (skipped 839060)
2026-03-18 22:34:46 [INFO] __main__: step=25000  loss=0.1410  lr=4.29e-05  steps/s=0.20
2026-03-18 22:35:47 [INFO] __main__: step=25050  loss=0.1368  lr=4.29e-05  steps/s=0.20
2026-03-18 22:36:50 [INFO] __main__: step=25100  loss=0.1267  lr=4.28e-05  steps/s=0.20
2026-03-18 22:37:50 [INFO] __main__: step=25150  loss=0.1456  lr=4.28e-05  steps/s=0.20
2026-03-18 22:38:56 [INFO] __main__: step=25200  loss=0.1246  lr=4.28e-05  steps/s=0.20
2026-03-18 22:39:58 [INFO] __main__: step=25250  loss=0.1388  lr=4.27e-05  steps/s=0.20
2026-03-18 22:41:06 [INFO] __main__: step=25300  loss=0.1245  lr=4.27e-05  steps/s=0.20
2026-03-18 22:41:21 [INFO] neurel_deob.training.data: Yielded 810000 samples (skipped 849548)
2026-03-18 22:42:06 [INFO] __main__: step=25350  loss=0.1418  lr=4.27e-05  steps/s=0.20
2026-03-18 22:43:10 [INFO] __main__: step=25400  loss=0.1349  lr=4.27e-05  steps/s=0.20
2026-03-18 22:44:11 [INFO] __main__: step=25450  loss=0.1427  lr=4.26e-05  steps/s=0.20
2026-03-18 22:45:13 [INFO] __main__: step=25500  loss=0.1186  lr=4.26e-05  steps/s=0.20
2026-03-18 22:46:18 [INFO] __main__: step=25550  loss=0.1240  lr=4.26e-05  steps/s=0.20
2026-03-18 22:47:23 [INFO] __main__: step=25600  loss=0.1266  lr=4.26e-05  steps/s=0.20
2026-03-18 22:47:54 [INFO] neurel_deob.training.data: Yielded 820000 samples (skipped 859919)
2026-03-18 22:48:27 [INFO] __main__: step=25650  loss=0.1335  lr=4.25e-05  steps/s=0.20
2026-03-18 22:49:31 [INFO] __main__: step=25700  loss=0.1263  lr=4.25e-05  steps/s=0.20
2026-03-18 22:50:38 [INFO] __main__: step=25750  loss=0.1545  lr=4.25e-05  steps/s=0.20
2026-03-18 22:51:43 [INFO] __main__: step=25800  loss=0.1238  lr=4.24e-05  steps/s=0.20
2026-03-18 22:52:46 [INFO] __main__: step=25850  loss=0.1335  lr=4.24e-05  steps/s=0.20
2026-03-18 22:53:48 [INFO] __main__: step=25900  loss=0.1302  lr=4.24e-05  steps/s=0.20
2026-03-18 22:54:37 [INFO] neurel_deob.training.data: Yielded 830000 samples (skipped 870546)
2026-03-18 22:54:53 [INFO] __main__: step=25950  loss=0.1235  lr=4.24e-05  steps/s=0.20
2026-03-18 22:56:01 [INFO] __main__: step=26000  loss=0.1397  lr=4.23e-05  steps/s=0.20
2026-03-18 22:56:01 [INFO] __main__: Running evaluation at step 26000 …
2026-03-18 22:56:01 [INFO] neurel_deob.training.data: Resolved pair arm_ir-ir → source=angha_gcc_arm_O0  target=angha_clang_ir_O0
Repo card metadata block was not found. Setting CardData to empty.
2026-03-18 22:56:03 [WARNING] huggingface_hub.repocard: Repo card metadata block was not found. Setting CardData to empty.
2026-03-19 01:19:59 [INFO] __main__: EVAL step=26000  val_loss=0.0084  BLEU=12.83  NED=0.7913  syntax_valid=0.0%  (n=504)
2026-03-19 01:20:05 [INFO] __main__: Saved checkpoint at step 26000 → checkpoints/arm_ir_ir_v3/step_26000
2026-03-19 01:20:05 [INFO] __main__: Pruning old checkpoint checkpoints/arm_ir_ir_v3/step_16000
2026-03-19 01:21:27 [INFO] __main__: step=26050  loss=0.1521  lr=4.23e-05  steps/s=0.19
2026-03-19 01:22:39 [INFO] __main__: step=26100  loss=0.1317  lr=4.23e-05  steps/s=0.19
2026-03-19 01:23:44 [INFO] __main__: step=26150  loss=0.1360  lr=4.22e-05  steps/s=0.19
2026-03-19 01:24:47 [INFO] __main__: step=26200  loss=0.1353  lr=4.22e-05  steps/s=0.19
2026-03-19 01:25:44 [INFO] neurel_deob.training.data: Yielded 840000 samples (skipped 881291)
2026-03-19 01:25:44 [INFO] __main__: step=26250  loss=0.1470  lr=4.22e-05  steps/s=0.19
2026-03-19 01:26:51 [INFO] __main__: step=26300  loss=0.1362  lr=4.22e-05  steps/s=0.19
2026-03-19 01:27:55 [INFO] __main__: step=26350  loss=0.1349  lr=4.21e-05  steps/s=0.19
2026-03-19 01:29:03 [INFO] __main__: step=26400  loss=0.1223  lr=4.21e-05  steps/s=0.19
2026-03-19 01:30:10 [INFO] __main__: step=26450  loss=0.1262  lr=4.21e-05  steps/s=0.19
2026-03-19 01:31:19 [INFO] __main__: step=26500  loss=0.1441  lr=4.20e-05  steps/s=0.19
2026-03-19 01:32:26 [INFO] __main__: step=26550  loss=0.1231  lr=4.20e-05  steps/s=0.19
2026-03-19 01:32:43 [INFO] neurel_deob.training.data: Yielded 850000 samples (skipped 891966)
2026-03-19 01:33:31 [INFO] __main__: step=26600  loss=0.1373  lr=4.20e-05  steps/s=0.19
2026-03-19 01:34:42 [INFO] __main__: step=26650  loss=0.1409  lr=4.20e-05  steps/s=0.19
2026-03-19 01:35:43 [INFO] __main__: step=26700  loss=0.1320  lr=4.19e-05  steps/s=0.19
2026-03-19 01:36:45 [INFO] __main__: step=26750  loss=0.1352  lr=4.19e-05  steps/s=0.19
2026-03-19 01:37:51 [INFO] __main__: step=26800  loss=0.1339  lr=4.19e-05  steps/s=0.19
2026-03-19 01:38:58 [INFO] __main__: step=26850  loss=0.1243  lr=4.18e-05  steps/s=0.20
2026-03-19 01:39:33 [INFO] neurel_deob.training.data: Yielded 860000 samples (skipped 902372)
2026-03-19 01:40:06 [INFO] __main__: step=26900  loss=0.1258  lr=4.18e-05  steps/s=0.20
2026-03-19 01:41:08 [INFO] __main__: step=26950  loss=0.1345  lr=4.18e-05  steps/s=0.20
2026-03-19 01:42:11 [INFO] __main__: step=27000  loss=0.1407  lr=4.17e-05  steps/s=0.20
2026-03-19 01:43:16 [INFO] __main__: step=27050  loss=0.1257  lr=4.17e-05  steps/s=0.20
2026-03-19 01:44:18 [INFO] __main__: step=27100  loss=0.1326  lr=4.17e-05  steps/s=0.20
2026-03-19 01:45:24 [INFO] __main__: step=27150  loss=0.1227  lr=4.17e-05  steps/s=0.20
2026-03-19 01:46:07 [INFO] neurel_deob.training.data: Yielded 870000 samples (skipped 912809)
2026-03-19 01:46:26 [INFO] __main__: step=27200  loss=0.1328  lr=4.16e-05  steps/s=0.20
2026-03-19 01:47:49 [INFO] __main__: step=27250  loss=0.1184  lr=4.16e-05  steps/s=0.20
2026-03-19 01:48:50 [INFO] __main__: step=27300  loss=0.1306  lr=4.16e-05  steps/s=0.20
2026-03-19 01:49:48 [INFO] __main__: step=27350  loss=0.1317  lr=4.15e-05  steps/s=0.20
2026-03-19 01:50:59 [INFO] __main__: step=27400  loss=0.1327  lr=4.15e-05  steps/s=0.20
2026-03-19 01:52:07 [INFO] __main__: step=27450  loss=0.1354  lr=4.15e-05  steps/s=0.20
2026-03-19 01:53:08 [INFO] neurel_deob.training.data: Yielded 880000 samples (skipped 923504)
2026-03-19 01:53:08 [INFO] __main__: step=27500  loss=0.1395  lr=4.15e-05  steps/s=0.20
2026-03-19 01:54:11 [INFO] __main__: step=27550  loss=0.1416  lr=4.14e-05  steps/s=0.20
2026-03-19 01:55:21 [INFO] __main__: step=27600  loss=0.1315  lr=4.14e-05  steps/s=0.20
2026-03-19 01:56:27 [INFO] __main__: step=27650  loss=0.1482  lr=4.14e-05  steps/s=0.20
2026-03-19 01:57:27 [INFO] __main__: step=27700  loss=0.1285  lr=4.13e-05  steps/s=0.20
2026-03-19 01:58:37 [INFO] __main__: step=27750  loss=0.1370  lr=4.13e-05  steps/s=0.20
2026-03-19 01:59:43 [INFO] __main__: step=27800  loss=0.1315  lr=4.13e-05  steps/s=0.20
2026-03-19 02:00:00 [INFO] neurel_deob.training.data: Yielded 890000 samples (skipped 933890)
2026-03-19 02:00:49 [INFO] __main__: step=27850  loss=0.1279  lr=4.12e-05  steps/s=0.20
2026-03-19 02:01:52 [INFO] __main__: step=27900  loss=0.1376  lr=4.12e-05  steps/s=0.20
2026-03-19 02:02:57 [INFO] __main__: step=27950  loss=0.1350  lr=4.12e-05  steps/s=0.20
2026-03-19 02:03:56 [INFO] __main__: step=28000  loss=0.1222  lr=4.12e-05  steps/s=0.20
2026-03-19 02:03:56 [INFO] __main__: Running evaluation at step 28000 …
2026-03-19 02:03:56 [INFO] neurel_deob.training.data: Resolved pair arm_ir-ir → source=angha_gcc_arm_O0  target=angha_clang_ir_O0
Repo card metadata block was not found. Setting CardData to empty.
2026-03-19 02:03:58 [WARNING] huggingface_hub.repocard: Repo card metadata block was not found. Setting CardData to empty.
2026-03-19 04:27:39 [INFO] __main__: EVAL step=28000  val_loss=0.0077  BLEU=11.88  NED=0.8198  syntax_valid=0.0%  (n=504)
2026-03-19 04:27:43 [INFO] __main__: Saved checkpoint at step 28000 → checkpoints/arm_ir_ir_v3/step_28000
2026-03-19 04:27:43 [INFO] __main__: Pruning old checkpoint checkpoints/arm_ir_ir_v3/step_18000
2026-03-19 04:28:51 [INFO] __main__: step=28050  loss=0.1330  lr=4.11e-05  steps/s=0.19
2026-03-19 04:29:53 [INFO] __main__: step=28100  loss=0.1210  lr=4.11e-05  steps/s=0.19
2026-03-19 04:30:25 [INFO] neurel_deob.training.data: Yielded 900000 samples (skipped 944306)
2026-03-19 04:31:00 [INFO] __main__: step=28150  loss=0.1354  lr=4.11e-05  steps/s=0.19
2026-03-19 04:32:17 [INFO] __main__: step=28200  loss=0.1388  lr=4.10e-05  steps/s=0.19
2026-03-19 04:33:20 [INFO] __main__: step=28250  loss=0.1246  lr=4.10e-05  steps/s=0.19
2026-03-19 04:34:23 [INFO] __main__: step=28300  loss=0.1257  lr=4.10e-05  steps/s=0.19
2026-03-19 04:35:28 [INFO] __main__: step=28350  loss=0.1362  lr=4.09e-05  steps/s=0.19
2026-03-19 04:36:37 [INFO] __main__: step=28400  loss=0.1170  lr=4.09e-05  steps/s=0.19
2026-03-19 04:37:22 [INFO] neurel_deob.training.data: Yielded 910000 samples (skipped 954798)
2026-03-19 04:37:36 [INFO] __main__: step=28450  loss=0.1377  lr=4.09e-05  steps/s=0.19
2026-03-19 04:38:41 [INFO] __main__: step=28500  loss=0.1299  lr=4.09e-05  steps/s=0.19
2026-03-19 04:39:45 [INFO] __main__: step=28550  loss=0.1287  lr=4.08e-05  steps/s=0.19
2026-03-19 04:40:47 [INFO] __main__: step=28600  loss=0.1292  lr=4.08e-05  steps/s=0.19
2026-03-19 04:41:52 [INFO] __main__: step=28650  loss=0.1334  lr=4.08e-05  steps/s=0.19
2026-03-19 04:42:51 [INFO] __main__: step=28700  loss=0.1266  lr=4.07e-05  steps/s=0.19
2026-03-19 04:43:57 [INFO] neurel_deob.training.data: Yielded 920000 samples (skipped 965315)
2026-03-19 04:43:57 [INFO] __main__: step=28750  loss=0.1249  lr=4.07e-05  steps/s=0.19
2026-03-19 04:45:04 [INFO] __main__: step=28800  loss=0.1274  lr=4.07e-05  steps/s=0.19
2026-03-19 04:46:09 [INFO] __main__: step=28850  loss=0.1247  lr=4.06e-05  steps/s=0.19
2026-03-19 04:47:16 [INFO] __main__: step=28900  loss=0.1191  lr=4.06e-05  steps/s=0.19
2026-03-19 04:48:17 [INFO] __main__: step=28950  loss=0.1410  lr=4.06e-05  steps/s=0.19
2026-03-19 04:49:20 [INFO] __main__: step=29000  loss=0.1357  lr=4.05e-05  steps/s=0.19
2026-03-19 04:50:23 [INFO] __main__: step=29050  loss=0.1324  lr=4.05e-05  steps/s=0.19
2026-03-19 04:50:41 [INFO] neurel_deob.training.data: Yielded 930000 samples (skipped 975599)
2026-03-19 04:51:29 [INFO] __main__: step=29100  loss=0.1198  lr=4.05e-05  steps/s=0.20
2026-03-19 04:52:28 [INFO] __main__: step=29150  loss=0.1287  lr=4.05e-05  steps/s=0.20
2026-03-19 04:53:29 [INFO] __main__: step=29200  loss=0.1433  lr=4.04e-05  steps/s=0.20
2026-03-19 04:54:38 [INFO] __main__: step=29250  loss=0.1294  lr=4.04e-05  steps/s=0.20
2026-03-19 04:55:37 [INFO] __main__: step=29300  loss=0.1306  lr=4.04e-05  steps/s=0.20
2026-03-19 04:56:39 [INFO] __main__: step=29350  loss=0.1196  lr=4.03e-05  steps/s=0.20
2026-03-19 04:57:15 [INFO] neurel_deob.training.data: Yielded 940000 samples (skipped 986018)
2026-03-19 04:57:46 [INFO] __main__: step=29400  loss=0.1262  lr=4.03e-05  steps/s=0.20
2026-03-19 04:59:23 [INFO] __main__: step=29450  loss=0.1287  lr=4.03e-05  steps/s=0.20
2026-03-19 05:00:24 [INFO] __main__: step=29500  loss=0.1223  lr=4.02e-05  steps/s=0.20
2026-03-19 05:01:33 [INFO] __main__: step=29550  loss=0.1350  lr=4.02e-05  steps/s=0.20
2026-03-19 05:02:40 [INFO] __main__: step=29600  loss=0.1251  lr=4.02e-05  steps/s=0.20
2026-03-19 05:03:46 [INFO] __main__: step=29650  loss=0.1176  lr=4.01e-05  steps/s=0.20
2026-03-19 05:04:36 [INFO] neurel_deob.training.data: Yielded 950000 samples (skipped 996378)
2026-03-19 05:04:51 [INFO] __main__: step=29700  loss=0.1159  lr=4.01e-05  steps/s=0.20
2026-03-19 05:05:54 [INFO] __main__: step=29750  loss=0.1285  lr=4.01e-05  steps/s=0.20
2026-03-19 05:06:59 [INFO] __main__: step=29800  loss=0.1369  lr=4.00e-05  steps/s=0.20
2026-03-19 05:08:04 [INFO] __main__: step=29850  loss=0.1248  lr=4.00e-05  steps/s=0.20
2026-03-19 05:09:04 [INFO] __main__: step=29900  loss=0.1268  lr=4.00e-05  steps/s=0.20
2026-03-19 05:10:02 [INFO] __main__: step=29950  loss=0.1216  lr=3.99e-05  steps/s=0.20
2026-03-19 05:11:10 [INFO] neurel_deob.training.data: Yielded 960000 samples (skipped 1006698)
2026-03-19 05:11:10 [INFO] __main__: step=30000  loss=0.1340  lr=3.99e-05  steps/s=0.20
2026-03-19 05:11:10 [INFO] __main__: Running evaluation at step 30000 …
2026-03-19 05:11:10 [INFO] neurel_deob.training.data: Resolved pair arm_ir-ir → source=angha_gcc_arm_O0  target=angha_clang_ir_O0
Repo card metadata block was not found. Setting CardData to empty.
2026-03-19 05:11:11 [WARNING] huggingface_hub.repocard: Repo card metadata block was not found. Setting CardData to empty.
2026-03-19 07:34:59 [INFO] __main__: EVAL step=30000  val_loss=0.0075  BLEU=11.81  NED=0.8216  syntax_valid=0.0%  (n=504)
2026-03-19 07:35:06 [INFO] __main__: Saved checkpoint at step 30000 → checkpoints/arm_ir_ir_v3/step_30000
2026-03-19 07:35:06 [INFO] __main__: Pruning old checkpoint checkpoints/arm_ir_ir_v3/step_20000
2026-03-19 07:36:23 [INFO] __main__: step=30050  loss=0.1352  lr=3.99e-05  steps/s=0.19
2026-03-19 07:37:27 [INFO] __main__: step=30100  loss=0.1231  lr=3.99e-05  steps/s=0.19
2026-03-19 07:38:21 [INFO] __main__: step=30150  loss=0.1363  lr=3.98e-05  steps/s=0.19
2026-03-19 07:39:23 [INFO] __main__: step=30200  loss=0.1253  lr=3.98e-05  steps/s=0.19
2026-03-19 07:40:22 [INFO] __main__: step=30250  loss=0.1185  lr=3.98e-05  steps/s=0.19
2026-03-19 07:41:25 [INFO] __main__: step=30300  loss=0.1285  lr=3.97e-05  steps/s=0.19
2026-03-19 07:41:43 [INFO] neurel_deob.training.data: Yielded 970000 samples (skipped 1016928)
2026-03-19 07:42:33 [INFO] __main__: step=30350  loss=0.1301  lr=3.97e-05  steps/s=0.19
2026-03-19 07:43:36 [INFO] __main__: step=30400  loss=0.1215  lr=3.97e-05  steps/s=0.19
2026-03-19 07:44:41 [INFO] __main__: step=30450  loss=0.1202  lr=3.96e-05  steps/s=0.19
2026-03-19 07:45:45 [INFO] __main__: step=30500  loss=0.1257  lr=3.96e-05  steps/s=0.19
2026-03-19 07:46:55 [INFO] __main__: step=30550  loss=0.1265  lr=3.96e-05  steps/s=0.19
2026-03-19 07:48:02 [INFO] __main__: step=30600  loss=0.1270  lr=3.95e-05  steps/s=0.19
2026-03-19 07:48:36 [INFO] neurel_deob.training.data: Yielded 980000 samples (skipped 1027451)
2026-03-19 07:49:07 [INFO] __main__: step=30650  loss=0.1230  lr=3.95e-05  steps/s=0.19
2026-03-19 07:50:09 [INFO] __main__: step=30700  loss=0.1198  lr=3.95e-05  steps/s=0.19
2026-03-19 07:51:13 [INFO] __main__: step=30750  loss=0.1133  lr=3.94e-05  steps/s=0.19
2026-03-19 07:52:13 [INFO] __main__: step=30800  loss=0.1191  lr=3.94e-05  steps/s=0.19
2026-03-19 07:53:15 [INFO] __main__: step=30850  loss=0.1329  lr=3.94e-05  steps/s=0.19
2026-03-19 07:54:21 [INFO] __main__: step=30900  loss=0.1263  lr=3.93e-05  steps/s=0.19
2026-03-19 07:55:11 [INFO] neurel_deob.training.data: Yielded 990000 samples (skipped 1037766)
2026-03-19 07:55:25 [INFO] __main__: step=30950  loss=0.1202  lr=3.93e-05  steps/s=0.19
2026-03-19 07:56:35 [INFO] __main__: step=31000  loss=0.1230  lr=3.93e-05  steps/s=0.19
2026-03-19 07:57:42 [INFO] __main__: step=31050  loss=0.1250  lr=3.92e-05  steps/s=0.19
2026-03-19 07:58:48 [INFO] __main__: step=31100  loss=0.1155  lr=3.92e-05  steps/s=0.19
2026-03-19 07:59:50 [INFO] __main__: step=31150  loss=0.1334  lr=3.92e-05  steps/s=0.19
2026-03-19 08:00:58 [INFO] __main__: step=31200  loss=0.1330  lr=3.91e-05  steps/s=0.19
2026-03-19 08:01:56 [INFO] neurel_deob.training.data: Yielded 1000000 samples (skipped 1048265)
2026-03-19 08:01:57 [INFO] __main__: step=31250  loss=0.1291  lr=3.91e-05  steps/s=0.19
2026-03-19 08:03:00 [INFO] __main__: step=31300  loss=0.1284  lr=3.91e-05  steps/s=0.19
2026-03-19 08:04:09 [INFO] __main__: step=31350  loss=0.1321  lr=3.90e-05  steps/s=0.20
2026-03-19 08:05:13 [INFO] __main__: step=31400  loss=0.1268  lr=3.90e-05  steps/s=0.20
2026-03-19 08:06:19 [INFO] __main__: step=31450  loss=0.1142  lr=3.90e-05  steps/s=0.20
2026-03-19 08:07:24 [INFO] __main__: step=31500  loss=0.1304  lr=3.90e-05  steps/s=0.20
2026-03-19 08:08:23 [INFO] __main__: step=31550  loss=0.1387  lr=3.89e-05  steps/s=0.20
2026-03-19 08:08:37 [INFO] neurel_deob.training.data: Yielded 1010000 samples (skipped 1058821)
2026-03-19 08:09:31 [INFO] __main__: step=31600  loss=0.1256  lr=3.89e-05  steps/s=0.20
2026-03-19 08:10:36 [INFO] __main__: step=31650  loss=0.1332  lr=3.89e-05  steps/s=0.20
2026-03-19 08:11:40 [INFO] __main__: step=31700  loss=0.1299  lr=3.88e-05  steps/s=0.20
2026-03-19 08:12:43 [INFO] __main__: step=31750  loss=0.1242  lr=3.88e-05  steps/s=0.20
2026-03-19 08:13:48 [INFO] __main__: step=31800  loss=0.1312  lr=3.88e-05  steps/s=0.20
2026-03-19 08:15:12 [INFO] __main__: step=31850  loss=0.1212  lr=3.87e-05  steps/s=0.20
2026-03-19 08:15:41 [INFO] neurel_deob.training.data: Yielded 1020000 samples (skipped 1069423)
2026-03-19 08:16:13 [INFO] __main__: step=31900  loss=0.1225  lr=3.87e-05  steps/s=0.20
2026-03-19 08:17:17 [INFO] __main__: step=31950  loss=0.1294  lr=3.87e-05  steps/s=0.20
2026-03-19 08:18:15 [INFO] __main__: step=32000  loss=0.1206  lr=3.86e-05  steps/s=0.20
2026-03-19 08:18:15 [INFO] __main__: Running evaluation at step 32000 …
2026-03-19 08:18:15 [INFO] neurel_deob.training.data: Resolved pair arm_ir-ir → source=angha_gcc_arm_O0  target=angha_clang_ir_O0
Repo card metadata block was not found. Setting CardData to empty.
2026-03-19 08:18:17 [WARNING] huggingface_hub.repocard: Repo card metadata block was not found. Setting CardData to empty.
2026-03-19 10:42:26 [INFO] __main__: EVAL step=32000  val_loss=0.0076  BLEU=12.92  NED=0.8091  syntax_valid=0.0%  (n=504)
2026-03-19 10:42:34 [INFO] __main__: Saved checkpoint at step 32000 → checkpoints/arm_ir_ir_v3/step_32000
2026-03-19 10:42:34 [INFO] __main__: Pruning old checkpoint checkpoints/arm_ir_ir_v3/step_22000
[2026-03-19T10:43:18.267] error: *** JOB 12222730 ON node873 CANCELLED AT 2026-03-19T10:43:18 DUE to SIGNAL Terminated ***
